2023-12-30 15:02:10,164 - util.Log4jConfigurator - INFO - Log4j configuration loaded successfully.
2023-12-30 15:02:10,168 - base.TestBase - INFO - Log4j configured successfully.
2023-12-30 15:02:10,169 - base.TestBase - INFO - Properties file loaded successfully.
2023-12-30 15:02:10,170 - base.TestBase - INFO - Thread Pool created
2023-12-30 15:02:10,170 - base.TestBase - INFO - Target Database selected : mysql
2023-12-30 15:02:10,171 - base.TestBase - INFO - Auto Generated Metadata option selected as : yes
2023-12-30 15:02:10,171 - queryFunction.MetadataExcelGenerator - INFO - Starting metadata Excel generation...
2023-12-30 15:02:10,174 - queryFunction.MetadataExcelGenerator - INFO - Existing Metadata Excel deleted: ./TableMetadata/metadata_excel.xlsx
2023-12-30 15:02:11,015 - queryFunction.MetadataExcelGenerator - INFO - Metadata Excel auto-generated successfully at: ./TableMetadata/metadata_excel.xlsx
2023-12-30 15:02:11,015 - base.TestBase - INFO - Metadata Excel Generation Completed....
2023-12-30 15:02:11,605 - queryFunction.DatabaseConn - INFO - Database is Connected
2023-12-30 15:02:11,605 - base.TestBase - INFO - Target database connection established successfully.
2023-12-30 15:02:11,605 - base.TestBase - INFO - ********************************    Target Set up completed     *********************************
2023-12-30 15:02:11,606 - base.TestBase - INFO - Source Database selected : oracle
2023-12-30 15:02:11,958 - queryFunction.DatabaseConn - INFO - Database is Connected
2023-12-30 15:02:11,960 - base.TestBase - INFO - Source database connection established successfully.
2023-12-30 15:02:11,966 - base.TestBase - INFO - ********************************    Source Set up completed    *********************************
2023-12-30 15:02:11,988 - base.TestBase - INFO - #########################################################################    Test Case 1 : Data Completeness Validation for ITEMS_10L_Record_Validation : STARTED
2023-12-30 15:02:11,991 - base.TestBase - INFO - Reading source SQL query from file
2023-12-30 15:02:11,995 - queryFunction.sqlFunction - INFO - Query read from file: ./SQLFiles/ITEMS_10L_Record_Validation/source/source.sql
2023-12-30 15:02:12,111 - queryFunction.sqlFunction - ERROR - Error executing query: ORA-00933: SQL command not properly ended

2023-12-30 15:02:12,114 - base.TestBase - ERROR - Test failed: java.lang.AssertionError: Test failed: ORA-00933: SQL command not properly ended

java.util.concurrent.ExecutionException: java.lang.AssertionError: Test failed: ORA-00933: SQL command not properly ended

	at java.base/java.util.concurrent.FutureTask.report(FutureTask.java:122)
	at java.base/java.util.concurrent.FutureTask.get(FutureTask.java:191)
	at testCases.DataCompletenessValidation.dataCompleteness(DataCompletenessValidation.java:116)
	at java.base/jdk.internal.reflect.NativeMethodAccessorImpl.invoke0(Native Method)
	at java.base/jdk.internal.reflect.NativeMethodAccessorImpl.invoke(NativeMethodAccessorImpl.java:62)
	at java.base/jdk.internal.reflect.DelegatingMethodAccessorImpl.invoke(DelegatingMethodAccessorImpl.java:43)
	at java.base/java.lang.reflect.Method.invoke(Method.java:566)
	at org.testng.internal.MethodInvocationHelper.invokeMethod(MethodInvocationHelper.java:133)
	at org.testng.internal.TestInvoker.invokeMethod(TestInvoker.java:598)
	at org.testng.internal.TestInvoker.invokeTestMethod(TestInvoker.java:173)
	at org.testng.internal.MethodRunner.runInSequence(MethodRunner.java:46)
	at org.testng.internal.TestInvoker$MethodInvocationAgent.invoke(TestInvoker.java:824)
	at org.testng.internal.TestInvoker.invokeTestMethods(TestInvoker.java:146)
	at org.testng.internal.TestMethodWorker.invokeTestMethods(TestMethodWorker.java:146)
	at org.testng.internal.TestMethodWorker.run(TestMethodWorker.java:128)
	at java.base/java.util.ArrayList.forEach(ArrayList.java:1541)
	at org.testng.TestRunner.privateRun(TestRunner.java:794)
	at org.testng.TestRunner.run(TestRunner.java:596)
	at org.testng.SuiteRunner.runTest(SuiteRunner.java:377)
	at org.testng.SuiteRunner.runSequentially(SuiteRunner.java:371)
	at org.testng.SuiteRunner.privateRun(SuiteRunner.java:332)
	at org.testng.SuiteRunner.run(SuiteRunner.java:276)
	at org.testng.SuiteRunnerWorker.runSuite(SuiteRunnerWorker.java:53)
	at org.testng.SuiteRunnerWorker.run(SuiteRunnerWorker.java:96)
	at org.testng.TestNG.runSuitesSequentially(TestNG.java:1212)
	at org.testng.TestNG.runSuitesLocally(TestNG.java:1134)
	at org.testng.TestNG.runSuites(TestNG.java:1063)
	at org.testng.TestNG.run(TestNG.java:1031)
	at org.testng.remote.AbstractRemoteTestNG.run(AbstractRemoteTestNG.java:115)
	at org.testng.remote.RemoteTestNG.initAndRun(RemoteTestNG.java:251)
	at org.testng.remote.RemoteTestNG.main(RemoteTestNG.java:77)
Caused by: java.lang.AssertionError: Test failed: ORA-00933: SQL command not properly ended

	at queryFunction.sqlFunction.executeQuery(sqlFunction.java:76)
	at testCases.DataCompletenessValidation.lambda$0(DataCompletenessValidation.java:65)
	at java.base/java.util.concurrent.FutureTask.run(FutureTask.java:264)
	at java.base/java.util.concurrent.ThreadPoolExecutor.runWorker(ThreadPoolExecutor.java:1128)
	at java.base/java.util.concurrent.ThreadPoolExecutor$Worker.run(ThreadPoolExecutor.java:628)
	at java.base/java.lang.Thread.run(Thread.java:834)
Caused by: java.sql.SQLSyntaxErrorException: ORA-00933: SQL command not properly ended

	at oracle.jdbc.driver.T4CTTIoer11.processError(T4CTTIoer11.java:702)
	at oracle.jdbc.driver.T4CTTIoer11.processError(T4CTTIoer11.java:608)
	at oracle.jdbc.driver.T4C8Oall.processError(T4C8Oall.java:1248)
	at oracle.jdbc.driver.T4CTTIfun.receive(T4CTTIfun.java:1041)
	at oracle.jdbc.driver.T4CTTIfun.doRPC(T4CTTIfun.java:443)
	at oracle.jdbc.driver.T4C8Oall.doOALL(T4C8Oall.java:518)
	at oracle.jdbc.driver.T4CStatement.doOall8(T4CStatement.java:156)
	at oracle.jdbc.driver.T4CStatement.executeForDescribe(T4CStatement.java:963)
	at oracle.jdbc.driver.OracleStatement.prepareDefineBufferAndExecute(OracleStatement.java:1205)
	at oracle.jdbc.driver.OracleStatement.executeMaybeDescribe(OracleStatement.java:1135)
	at oracle.jdbc.driver.OracleStatement.executeSQLSelect(OracleStatement.java:1472)
	at oracle.jdbc.driver.OracleStatement.doExecuteWithTimeout(OracleStatement.java:1343)
	at oracle.jdbc.driver.OracleStatement.executeQuery(OracleStatement.java:1727)
	at oracle.jdbc.driver.OracleStatementWrapper.executeQuery(OracleStatementWrapper.java:380)
	at queryFunction.sqlFunction.executeQuery(sqlFunction.java:46)
	... 5 more
Caused by: Error : 933, Position : 42, SQL = select ItemId, ItemName  from items  orde by itemid
, Original SQL = select ItemId, ItemName  from items  orde by itemid
, Error Message = ORA-00933: SQL command not properly ended

	at oracle.jdbc.driver.T4CTTIoer11.processError(T4CTTIoer11.java:710)
	... 19 more
2023-12-30 15:02:12,121 - base.TestBase - ERROR - $$$$$$$$$$$$$$$$$$$$$$$$$$$$$$$$$$$$$$$$$$$$$$$$$$$$$$$$$$$$$$$$$$$$$$$$    Test Case 1 : Data Completeness Validation for ITEMS_10L_Record_Validation : FAILED
2023-12-30 15:02:12,138 - base.TestBase - INFO - #########################################################################    Test Case 2 : Data Completeness Validation for ITEMS_CountValidation : STARTED
2023-12-30 15:02:12,140 - base.TestBase - INFO - Reading source SQL query from file
2023-12-30 15:02:12,142 - queryFunction.sqlFunction - INFO - Query read from file: ./SQLFiles/ITEMS_CountValidation/source/source.sql
2023-12-30 15:02:12,268 - queryFunction.sqlFunction - INFO - Query executed successfully: SELECT count(*) FROM items

2023-12-30 15:02:12,269 - base.TestBase - INFO - Reading target SQL query from file
2023-12-30 15:02:12,269 - queryFunction.sqlFunction - INFO - Query read from file: ./SQLFiles/ITEMS_CountValidation/target/target.sql
2023-12-30 15:02:12,389 - queryFunction.sqlFunction - INFO - Query executed successfully: SELECT count(*) FROM items

2023-12-30 15:02:12,390 - base.TestBase - INFO - Finding differing rows
2023-12-30 15:02:12,390 - base.TestBase - INFO - Asserting that the lists are equal
2023-12-30 15:02:12,391 - base.TestBase - INFO - #########################################################################    Test Case 2 : Data Completeness Validation for ITEMS_CountValidation : PASSED
2023-12-30 15:02:12,395 - base.TestBase - INFO - #########################################################################    Test Case 3 : Data Completeness Validation for STUDENT_5L_Record_Validation : STARTED
2023-12-30 15:02:12,398 - base.TestBase - INFO - Reading source SQL query from file
2023-12-30 15:02:12,400 - queryFunction.sqlFunction - INFO - Query read from file: ./SQLFiles/STUDENT_5L_Record_Validation/source/source.sql
2023-12-30 15:02:14,366 - queryFunction.sqlFunction - INFO - Query executed successfully: select * from student order by student_id

2023-12-30 15:02:14,367 - base.TestBase - INFO - Reading target SQL query from file
2023-12-30 15:02:14,368 - queryFunction.sqlFunction - INFO - Query read from file: ./SQLFiles/STUDENT_5L_Record_Validation/target/target.sql
2023-12-30 15:02:17,058 - queryFunction.sqlFunction - INFO - Query executed successfully: select * from student order by student_id

2023-12-30 15:02:17,059 - base.TestBase - INFO - Finding differing rows
2023-12-30 15:02:17,125 - base.TestBase - INFO - Asserting that the lists are equal
2023-12-30 15:02:17,125 - base.TestBase - INFO - #########################################################################    Test Case 3 : Data Completeness Validation for STUDENT_5L_Record_Validation : PASSED
2023-12-30 15:02:17,127 - base.TestBase - INFO - #########################################################################    Test Case 4 : Data Completeness Validation for STUDENT_CountValidation : STARTED
2023-12-30 15:02:17,128 - base.TestBase - INFO - Reading source SQL query from file
2023-12-30 15:02:17,129 - queryFunction.sqlFunction - INFO - Query read from file: ./SQLFiles/STUDENT_CountValidation/source/source.sql
2023-12-30 15:02:17,137 - queryFunction.sqlFunction - INFO - Query executed successfully: SELECT count(*) from student

2023-12-30 15:02:17,137 - base.TestBase - INFO - Reading target SQL query from file
2023-12-30 15:02:17,137 - queryFunction.sqlFunction - INFO - Query read from file: ./SQLFiles/STUDENT_CountValidation/target/target.sql
2023-12-30 15:02:17,190 - queryFunction.sqlFunction - INFO - Query executed successfully: select count(*) from student

2023-12-30 15:02:17,191 - base.TestBase - INFO - Finding differing rows
2023-12-30 15:02:17,191 - base.TestBase - INFO - Asserting that the lists are equal
2023-12-30 15:02:17,191 - base.TestBase - INFO - #########################################################################    Test Case 4 : Data Completeness Validation for STUDENT_CountValidation : PASSED
2023-12-30 15:02:17,194 - base.TestBase - INFO - #########################################################################    Test Case 5 : Data Completeness Validation for STUDENT_SMALL_db_to_file_validation : STARTED
2023-12-30 15:02:17,196 - base.TestBase - INFO - Reading source SQL query from file
2023-12-30 15:02:17,197 - queryFunction.sqlFunction - INFO - Query read from file: ./SQLFiles/STUDENT_SMALL_db_to_file_validation/source/source.sql
2023-12-30 15:02:17,201 - queryFunction.sqlFunction - INFO - Query executed successfully: select * from student_small order by student_id

2023-12-30 15:02:17,201 - base.TestBase - INFO - Reading data from target CSV file
2023-12-30 15:02:17,227 - queryFunction.CSVFileReader - INFO - Reading CSV file: .\SQLFiles\STUDENT_SMALL_db_to_file_validation\target\student_small.csv
2023-12-30 15:02:17,228 - queryFunction.CSVFileReader - INFO - CSV file read successfully. Number of rows: 10
2023-12-30 15:02:17,229 - base.TestBase - INFO - Finding differing rows
2023-12-30 15:02:17,229 - base.TestBase - INFO - Asserting that the lists are equal
2023-12-30 15:02:17,229 - base.TestBase - INFO - #########################################################################    Test Case 5 : Data Completeness Validation for STUDENT_SMALL_db_to_file_validation : PASSED
2023-12-30 15:02:17,233 - base.TestBase - INFO - #########################################################################    Test Case 6 : Data Completeness Validation for STUDENT_SMALL_file_to_db_validation : STARTED
2023-12-30 15:02:17,235 - base.TestBase - INFO - Reading data from source CSV file
2023-12-30 15:02:17,236 - queryFunction.CSVFileReader - INFO - Reading CSV file: .\SQLFiles\STUDENT_SMALL_file_to_db_validation\source\student_small.csv
2023-12-30 15:02:17,237 - queryFunction.CSVFileReader - INFO - CSV file read successfully. Number of rows: 10
2023-12-30 15:02:17,238 - base.TestBase - INFO - Reading target SQL query from file
2023-12-30 15:02:17,238 - queryFunction.sqlFunction - INFO - Query read from file: ./SQLFiles/STUDENT_SMALL_file_to_db_validation/target/target.sql
2023-12-30 15:02:17,242 - queryFunction.sqlFunction - INFO - Query executed successfully: select * from student_small order by student_id

2023-12-30 15:02:17,242 - base.TestBase - INFO - Finding differing rows
2023-12-30 15:02:17,242 - base.TestBase - INFO - Asserting that the lists are equal
2023-12-30 15:02:17,243 - base.TestBase - INFO - #########################################################################    Test Case 6 : Data Completeness Validation for STUDENT_SMALL_file_to_db_validation : PASSED
2023-12-30 15:02:17,247 - base.TestBase - INFO - #########################################################################    Test Case 7 : Data Completeness Validation for STUDENT_SMALL_file_to_file_validation : STARTED
2023-12-30 15:02:17,249 - base.TestBase - INFO - Reading data from source CSV file
2023-12-30 15:02:17,250 - queryFunction.CSVFileReader - INFO - Reading CSV file: .\SQLFiles\STUDENT_SMALL_file_to_file_validation\source\student_small.csv
2023-12-30 15:02:17,251 - queryFunction.CSVFileReader - INFO - CSV file read successfully. Number of rows: 10
2023-12-30 15:02:17,251 - base.TestBase - INFO - Reading data from target CSV file
2023-12-30 15:02:17,252 - queryFunction.CSVFileReader - INFO - Reading CSV file: .\SQLFiles\STUDENT_SMALL_file_to_file_validation\target\student_small.csv
2023-12-30 15:02:17,252 - queryFunction.CSVFileReader - INFO - CSV file read successfully. Number of rows: 10
2023-12-30 15:02:17,253 - base.TestBase - INFO - Finding differing rows
2023-12-30 15:02:17,253 - base.TestBase - INFO - Asserting that the lists are equal
2023-12-30 15:02:17,253 - base.TestBase - INFO - #########################################################################    Test Case 7 : Data Completeness Validation for STUDENT_SMALL_file_to_file_validation : PASSED
2023-12-30 15:02:17,258 - base.TestBase - INFO - #########################################################################    Test Case 8 : Data Completeness Validation for T_DEPT_CountValidation : STARTED
2023-12-30 15:02:17,260 - base.TestBase - INFO - Reading source SQL query from file
2023-12-30 15:02:17,261 - queryFunction.sqlFunction - INFO - Query read from file: ./SQLFiles/T_DEPT_CountValidation/source/source.sql
2023-12-30 15:02:17,264 - queryFunction.sqlFunction - INFO - Query executed successfully: SELECT count(*) from dept

2023-12-30 15:02:17,265 - base.TestBase - INFO - Reading target SQL query from file
2023-12-30 15:02:17,266 - queryFunction.sqlFunction - INFO - Query read from file: ./SQLFiles/T_DEPT_CountValidation/target/target.sql
2023-12-30 15:02:17,271 - queryFunction.sqlFunction - INFO - Query executed successfully: select count(*) from t_dept

2023-12-30 15:02:17,272 - base.TestBase - INFO - Finding differing rows
2023-12-30 15:02:17,272 - base.TestBase - INFO - Asserting that the lists are equal
2023-12-30 15:02:17,272 - base.TestBase - INFO - #########################################################################    Test Case 8 : Data Completeness Validation for T_DEPT_CountValidation : PASSED
2023-12-30 15:02:17,276 - base.TestBase - INFO - #########################################################################    Test Case 9 : Data Completeness Validation for T_DEPT_DataCompletenessValidation : STARTED
2023-12-30 15:02:17,277 - base.TestBase - INFO - Reading source SQL query from file
2023-12-30 15:02:17,278 - queryFunction.sqlFunction - INFO - Query read from file: ./SQLFiles/T_DEPT_DataCompletenessValidation/source/source.sql
2023-12-30 15:02:17,282 - queryFunction.sqlFunction - INFO - Query executed successfully: SELECT * from dept order by deptno

2023-12-30 15:02:17,282 - base.TestBase - INFO - Reading target SQL query from file
2023-12-30 15:02:17,283 - queryFunction.sqlFunction - INFO - Query read from file: ./SQLFiles/T_DEPT_DataCompletenessValidation/target/target.sql
2023-12-30 15:02:17,285 - queryFunction.sqlFunction - INFO - Query executed successfully: SELECT deptno,dname,loc from t_dept order by t_dept_id

2023-12-30 15:02:17,285 - base.TestBase - INFO - Finding differing rows
2023-12-30 15:02:17,286 - base.TestBase - INFO - Asserting that the lists are equal
2023-12-30 15:02:17,286 - base.TestBase - INFO - #########################################################################    Test Case 9 : Data Completeness Validation for T_DEPT_DataCompletenessValidation : PASSED
2023-12-30 15:02:17,290 - base.TestBase - INFO - #########################################################################    Test Case 10 : Data Completeness Validation for T_EMP_CountValidation : STARTED
2023-12-30 15:02:17,292 - base.TestBase - INFO - Reading source SQL query from file
2023-12-30 15:02:17,292 - queryFunction.sqlFunction - INFO - Query read from file: ./SQLFiles/T_EMP_CountValidation/source/source.sql
2023-12-30 15:02:17,296 - queryFunction.sqlFunction - INFO - Query executed successfully: SELECT count(*) FROM s_emp e1 
INNER JOIN s_dept d1 ON e1.deptno = d1.deptno
INNER JOIN s_emp e2 on e2.empno=e1.mgr

2023-12-30 15:02:17,297 - base.TestBase - INFO - Reading target SQL query from file
2023-12-30 15:02:17,297 - queryFunction.sqlFunction - INFO - Query read from file: ./SQLFiles/T_EMP_CountValidation/target/target.sql
2023-12-30 15:02:17,301 - queryFunction.sqlFunction - INFO - Query executed successfully: select count(*) from t_emp

2023-12-30 15:02:17,301 - base.TestBase - INFO - Finding differing rows
2023-12-30 15:02:17,301 - base.TestBase - INFO - Asserting that the lists are equal
2023-12-30 15:02:17,301 - base.TestBase - INFO - #########################################################################    Test Case 10 : Data Completeness Validation for T_EMP_CountValidation : PASSED
2023-12-30 15:02:17,305 - base.TestBase - INFO - #########################################################################    Test Case 11 : Data Completeness Validation for T_EMP_DataCompletenessValidation : STARTED
2023-12-30 15:02:17,307 - base.TestBase - INFO - Reading source SQL query from file
2023-12-30 15:02:17,307 - queryFunction.sqlFunction - INFO - Query read from file: ./SQLFiles/T_EMP_DataCompletenessValidation/source/source.sql
2023-12-30 15:02:17,313 - queryFunction.sqlFunction - INFO - Query executed successfully: SELECT 
    e1.EMPNO AS EMP_ID,
    INITCAP(e1.ename) AS EMP_NAME,
    d1.dname AS DEPT_NAME,
    INITCAP(e2.ename) AS MANAGER_NAME,
    e1.job AS JOB_TYPE,
    INITCAP(d1.loc) AS LOCATION,
    TO_CHAR(e1.hiredate,'yyyy-mm-dd') as HIRE_DATE,
    ROUND(MONTHS_BETWEEN(SYSDATE, e1.hiredate) / 12) AS TOTAL_EXP_IN_COMPANY,
    e1.sal AS SALARY,
    NVL(e1.comm, 0) AS COMMISSION,
    e1.sal + NVL(e1.comm, 0) AS TOTAL_SALARY,
    CASE 
        WHEN e1.sal + NVL(e1.comm, 0) < 2000 THEN 'LOW' 
        WHEN e1.sal + NVL(e1.comm, 0) BETWEEN 2000 AND 3000 THEN 'MID' 
        ELSE 'HIGH' 
    END AS SALARY_GRADE
FROM s_emp e1 
INNER JOIN s_dept d1 ON e1.deptno = d1.deptno
INNER JOIN s_emp e2 on e2.empno=e1.mgr
order by EMP_ID

2023-12-30 15:02:17,314 - base.TestBase - INFO - Reading target SQL query from file
2023-12-30 15:02:17,315 - queryFunction.sqlFunction - INFO - Query read from file: ./SQLFiles/T_EMP_DataCompletenessValidation/target/target.sql
2023-12-30 15:02:17,320 - queryFunction.sqlFunction - INFO - Query executed successfully: select 
EMP_ID,
EMP_NAME,
DEPT_NAME,
MANAGER_NAME,
JOB_TYPE,
LOCATION,
HIRE_DATE,
TOTAL_EXP_IN_COMPANY,
SALARY,
COMMISSION,
TOTAL_SALARY,
SALARY_GRADE
from t_emp
order by EMP_ID

2023-12-30 15:02:17,321 - base.TestBase - INFO - Finding differing rows
2023-12-30 15:02:17,321 - base.TestBase - ERROR - $$$$$$$$$$$$$$$$$$$$$$$$$$$$$$$$$$$$$$$$$$$$$$$$$$$$$$$$$$$$$$$$$$$$$$$$    Test Case 11 : Data Completeness Validation for T_EMP_DataCompletenessValidation : FAILED
2023-12-30 15:02:17,326 - base.TestBase - ERROR - Test failed: java.lang.AssertionError: Details of Differences:
Row 1:
   Column 2: List1 = EMP_NAME: Sunil, List2 = EMP_NAME: Smith
 expected [true] but found [false]
java.util.concurrent.ExecutionException: java.lang.AssertionError: Details of Differences:
Row 1:
   Column 2: List1 = EMP_NAME: Sunil, List2 = EMP_NAME: Smith
 expected [true] but found [false]
	at java.base/java.util.concurrent.FutureTask.report(FutureTask.java:122)
	at java.base/java.util.concurrent.FutureTask.get(FutureTask.java:191)
	at testCases.DataCompletenessValidation.dataCompleteness(DataCompletenessValidation.java:116)
	at java.base/jdk.internal.reflect.NativeMethodAccessorImpl.invoke0(Native Method)
	at java.base/jdk.internal.reflect.NativeMethodAccessorImpl.invoke(NativeMethodAccessorImpl.java:62)
	at java.base/jdk.internal.reflect.DelegatingMethodAccessorImpl.invoke(DelegatingMethodAccessorImpl.java:43)
	at java.base/java.lang.reflect.Method.invoke(Method.java:566)
	at org.testng.internal.MethodInvocationHelper.invokeMethod(MethodInvocationHelper.java:133)
	at org.testng.internal.TestInvoker.invokeMethod(TestInvoker.java:598)
	at org.testng.internal.TestInvoker.invokeTestMethod(TestInvoker.java:173)
	at org.testng.internal.MethodRunner.runInSequence(MethodRunner.java:46)
	at org.testng.internal.TestInvoker$MethodInvocationAgent.invoke(TestInvoker.java:824)
	at org.testng.internal.TestInvoker.invokeTestMethods(TestInvoker.java:146)
	at org.testng.internal.TestMethodWorker.invokeTestMethods(TestMethodWorker.java:146)
	at org.testng.internal.TestMethodWorker.run(TestMethodWorker.java:128)
	at java.base/java.util.ArrayList.forEach(ArrayList.java:1541)
	at org.testng.TestRunner.privateRun(TestRunner.java:794)
	at org.testng.TestRunner.run(TestRunner.java:596)
	at org.testng.SuiteRunner.runTest(SuiteRunner.java:377)
	at org.testng.SuiteRunner.runSequentially(SuiteRunner.java:371)
	at org.testng.SuiteRunner.privateRun(SuiteRunner.java:332)
	at org.testng.SuiteRunner.run(SuiteRunner.java:276)
	at org.testng.SuiteRunnerWorker.runSuite(SuiteRunnerWorker.java:53)
	at org.testng.SuiteRunnerWorker.run(SuiteRunnerWorker.java:96)
	at org.testng.TestNG.runSuitesSequentially(TestNG.java:1212)
	at org.testng.TestNG.runSuitesLocally(TestNG.java:1134)
	at org.testng.TestNG.runSuites(TestNG.java:1063)
	at org.testng.TestNG.run(TestNG.java:1031)
	at org.testng.remote.AbstractRemoteTestNG.run(AbstractRemoteTestNG.java:115)
	at org.testng.remote.RemoteTestNG.initAndRun(RemoteTestNG.java:251)
	at org.testng.remote.RemoteTestNG.main(RemoteTestNG.java:77)
Caused by: java.lang.AssertionError: Details of Differences:
Row 1:
   Column 2: List1 = EMP_NAME: Sunil, List2 = EMP_NAME: Smith
 expected [true] but found [false]
	at org.testng.Assert.fail(Assert.java:99)
	at org.testng.Assert.failNotEquals(Assert.java:1037)
	at org.testng.Assert.assertTrue(Assert.java:45)
	at testCases.DataCompletenessValidation.lambda$0(DataCompletenessValidation.java:104)
	at java.base/java.util.concurrent.FutureTask.run(FutureTask.java:264)
	at java.base/java.util.concurrent.ThreadPoolExecutor.runWorker(ThreadPoolExecutor.java:1128)
	at java.base/java.util.concurrent.ThreadPoolExecutor$Worker.run(ThreadPoolExecutor.java:628)
	at java.base/java.lang.Thread.run(Thread.java:834)
2023-12-30 15:02:17,329 - base.TestBase - ERROR - $$$$$$$$$$$$$$$$$$$$$$$$$$$$$$$$$$$$$$$$$$$$$$$$$$$$$$$$$$$$$$$$$$$$$$$$    Test Case 11 : Data Completeness Validation for T_EMP_DataCompletenessValidation : FAILED
2023-12-30 15:02:17,333 - base.TestBase - INFO - #########################################################################    Test Case 12 : Data Completeness Validation for T_EMP_DuplicateValidation : STARTED
2023-12-30 15:02:17,335 - base.TestBase - INFO - Reading source SQL query from file
2023-12-30 15:02:17,336 - queryFunction.sqlFunction - INFO - Query read from file: ./SQLFiles/T_EMP_DuplicateValidation/source/source.sql
2023-12-30 15:02:17,338 - queryFunction.sqlFunction - INFO - Query executed successfully: select 0 as No_Of_Duplicate_Rows from dual

2023-12-30 15:02:17,338 - base.TestBase - INFO - Reading target SQL query from file
2023-12-30 15:02:17,339 - queryFunction.sqlFunction - INFO - Query read from file: ./SQLFiles/T_EMP_DuplicateValidation/target/target.sql
2023-12-30 15:02:17,341 - queryFunction.sqlFunction - INFO - Query executed successfully: select dup.No_Of_Duplicate_Rows from(
select 
EMP_ID,
EMP_NAME,
DEPT_NAME,
MANAGER_NAME,
JOB_TYPE,
LOCATION,
HIRE_DATE,
TOTAL_EXP_IN_COMPANY,
SALARY,
COMMISSION,
TOTAL_SALARY,
SALARY_GRADE,
COUNT(*) as No_Of_Duplicate_Rows
from T_EMP
group by
EMP_ID,
EMP_NAME,
DEPT_NAME,
MANAGER_NAME,
JOB_TYPE,
LOCATION,
HIRE_DATE,
TOTAL_EXP_IN_COMPANY,
SALARY,
COMMISSION,
TOTAL_SALARY,
SALARY_GRADE
having COUNT(*) >1) dup

2023-12-30 15:02:17,342 - base.TestBase - INFO - Finding differing rows
2023-12-30 15:02:17,342 - base.TestBase - INFO - Asserting that the lists are equal
2023-12-30 15:02:17,342 - base.TestBase - INFO - #########################################################################    Test Case 12 : Data Completeness Validation for T_EMP_DuplicateValidation : PASSED
2023-12-30 15:02:17,345 - base.TestBase - INFO - #########################################################################    Test Case 13 : Data Completeness Validation for T_EMP_PrimaryKey_Validation : STARTED
2023-12-30 15:02:17,347 - base.TestBase - INFO - Reading source SQL query from file
2023-12-30 15:02:17,348 - queryFunction.sqlFunction - INFO - Query read from file: ./SQLFiles/T_EMP_PrimaryKey_Validation/source/source.sql
2023-12-30 15:02:17,349 - queryFunction.sqlFunction - INFO - Query executed successfully: select 0 as Null_and_Duplicates from dual

2023-12-30 15:02:17,350 - base.TestBase - INFO - Reading target SQL query from file
2023-12-30 15:02:17,350 - queryFunction.sqlFunction - INFO - Query read from file: ./SQLFiles/T_EMP_PrimaryKey_Validation/target/target.sql
2023-12-30 15:02:17,352 - queryFunction.sqlFunction - INFO - Query executed successfully: select count(*) as Null_and_Duplicates from T_emp where EMP_ID is null
union
select e.cnt from(
select emp_id, count(*) cnt from t_emp group by emp_id having cnt>1)e

2023-12-30 15:02:17,353 - base.TestBase - INFO - Finding differing rows
2023-12-30 15:02:17,353 - base.TestBase - INFO - Asserting that the lists are equal
2023-12-30 15:02:17,353 - base.TestBase - INFO - #########################################################################    Test Case 13 : Data Completeness Validation for T_EMP_PrimaryKey_Validation : PASSED
2023-12-30 15:02:17,356 - base.TestBase - INFO - #########################################################################    Test Case 14 : Data Completeness Validation for T_EMP_SurrogateKey_Validation : STARTED
2023-12-30 15:02:17,358 - base.TestBase - INFO - Reading source SQL query from file
2023-12-30 15:02:17,359 - queryFunction.sqlFunction - INFO - Query read from file: ./SQLFiles/T_EMP_SurrogateKey_Validation/source/source.sql
2023-12-30 15:02:17,360 - queryFunction.sqlFunction - INFO - Query executed successfully: select 0 as Null_and_Duplicates from dual

2023-12-30 15:02:17,360 - base.TestBase - INFO - Reading target SQL query from file
2023-12-30 15:02:17,361 - queryFunction.sqlFunction - INFO - Query read from file: ./SQLFiles/T_EMP_SurrogateKey_Validation/target/target.sql
2023-12-30 15:02:17,364 - queryFunction.sqlFunction - INFO - Query executed successfully: select count(*) as Null_and_Duplicates from T_emp where T_EMP_ID is null
union
select e.cnt from(
select t_emp_id, count(*) cnt from t_emp group by t_emp_id having cnt>1)e

2023-12-30 15:02:17,364 - base.TestBase - INFO - Finding differing rows
2023-12-30 15:02:17,364 - base.TestBase - INFO - Asserting that the lists are equal
2023-12-30 15:02:17,364 - base.TestBase - INFO - #########################################################################    Test Case 14 : Data Completeness Validation for T_EMP_SurrogateKey_Validation : PASSED
2023-12-30 15:02:17,368 - base.TestBase - INFO - Teardown started..............
2023-12-30 15:02:17,371 - queryFunction.DatabaseConn - INFO - Database Connection Closed
2023-12-30 15:02:17,372 - base.TestBase - INFO - Source database connection closed successfully.
2023-12-30 15:02:17,376 - queryFunction.DatabaseConn - INFO - Database Connection Closed
2023-12-30 15:02:17,377 - base.TestBase - INFO - Target database connection closed successfully.
2023-12-30 15:02:17,379 - base.TestBase - INFO - Thread pool shut down successfully.
2023-12-30 15:02:17,379 - base.TestBase - INFO - ****************************************************    Teardown Completed     ********************************************
2023-12-30 15:02:17,383 - base.TestBase - INFO - BeforeClass setUp() execution started............
2023-12-30 15:02:17,394 - util.Log4jConfigurator - INFO - Log4j configuration loaded successfully.
2023-12-30 15:02:17,395 - base.TestBase - INFO - Log4j configured successfully.
2023-12-30 15:02:17,395 - base.TestBase - INFO - Properties file loaded successfully.
2023-12-30 15:02:17,395 - base.TestBase - INFO - Thread Pool created
2023-12-30 15:02:17,396 - base.TestBase - INFO - Target Database selected : mysql
2023-12-30 15:02:17,396 - base.TestBase - INFO - Auto Generated Metadata option selected as : yes
2023-12-30 15:02:17,396 - queryFunction.MetadataExcelGenerator - INFO - Starting metadata Excel generation...
2023-12-30 15:02:17,398 - queryFunction.MetadataExcelGenerator - INFO - Existing Metadata Excel deleted: ./TableMetadata/metadata_excel.xlsx
2023-12-30 15:02:17,509 - queryFunction.MetadataExcelGenerator - INFO - Metadata Excel auto-generated successfully at: ./TableMetadata/metadata_excel.xlsx
2023-12-30 15:02:17,510 - base.TestBase - INFO - Metadata Excel Generation Completed....
2023-12-30 15:02:17,548 - queryFunction.DatabaseConn - INFO - Database is Connected
2023-12-30 15:02:17,549 - base.TestBase - INFO - Target database connection established successfully.
2023-12-30 15:02:17,549 - base.TestBase - INFO - ********************************    Target Set up completed     *********************************
2023-12-30 15:02:17,549 - base.TestBase - INFO - Source Database selected : oracle
2023-12-30 15:02:17,621 - queryFunction.DatabaseConn - INFO - Database is Connected
2023-12-30 15:02:17,621 - base.TestBase - INFO - Source database connection established successfully.
2023-12-30 15:02:17,621 - base.TestBase - INFO - ********************************    Source Set up completed    *********************************
2023-12-30 15:02:17,671 - base.TestBase - INFO - Workbook loaded successfully.
2023-12-30 15:02:17,674 - base.TestBase - INFO - #########################################################################    Test Case 15 Table Metadata Validation for T_EMP : STARTED
2023-12-30 15:02:17,675 - base.TestBase - INFO - Processing Table: T_EMP
2023-12-30 15:02:17,679 - base.TestBase - INFO - Sorted Metadata from Mapping Sheet:[{COLUMN_NAME=COMMISSION, DATA_TYPE=int}, {COLUMN_NAME=DEPT_NAME, DATA_TYPE=varchar(20)}, {COLUMN_NAME=EMP_ID345, DATA_TYPE=int}, {COLUMN_NAME=EMP_NAME, DATA_TYPE=varchar(50)}, {COLUMN_NAME=HIRE_DATE, DATA_TYPE=date}, {COLUMN_NAME=JOB_TYPE, DATA_TYPE=varchar(20)}, {COLUMN_NAME=LOCATION, DATA_TYPE=varchar(30)}, {COLUMN_NAME=MANAGER_NAME, DATA_TYPE=varchar(50)}, {COLUMN_NAME=SALARY, DATA_TYPE=int}, {COLUMN_NAME=SALARY_GRADE, DATA_TYPE=varchar(10)}, {COLUMN_NAME=T_EMP_ID1212, DATA_TYPE=int}, {COLUMN_NAME=TOTAL_EXP_IN_COMPANY, DATA_TYPE=int}, {COLUMN_NAME=TOTAL_SALARY, DATA_TYPE=int}]
2023-12-30 15:02:17,686 - queryFunction.MySqlMetadataRetrieval - INFO - Metadata retrieval from MySQL table completed for table: T_EMP
2023-12-30 15:02:17,687 - queryFunction.MySqlMetadataRetrieval - INFO - Metadata from MySQL Table:[{COLUMN_NAME=COMMISSION, DATA_TYPE=int}, {COLUMN_NAME=DEPT_NAME, DATA_TYPE=varchar(20)}, {COLUMN_NAME=EMP_ID, DATA_TYPE=int}, {COLUMN_NAME=EMP_NAME, DATA_TYPE=varchar(50)}, {COLUMN_NAME=HIRE_DATE, DATA_TYPE=date}, {COLUMN_NAME=JOB_TYPE, DATA_TYPE=varchar(20)}, {COLUMN_NAME=LOCATION, DATA_TYPE=varchar(30)}, {COLUMN_NAME=MANAGER_NAME, DATA_TYPE=varchar(50)}, {COLUMN_NAME=SALARY, DATA_TYPE=int}, {COLUMN_NAME=SALARY_GRADE, DATA_TYPE=varchar(10)}, {COLUMN_NAME=T_EMP_ID, DATA_TYPE=int}, {COLUMN_NAME=TOTAL_EXP_IN_COMPANY, DATA_TYPE=int}, {COLUMN_NAME=TOTAL_SALARY, DATA_TYPE=int}]
2023-12-30 15:02:17,688 - base.TestBase - INFO - Metadata Mismatch for Table: T_EMP
2023-12-30 15:02:17,688 - base.TestBase - INFO - Source Column: {COLUMN_NAME=EMP_ID345, DATA_TYPE=int}
2023-12-30 15:02:17,689 - base.TestBase - INFO - Target Column: {COLUMN_NAME=EMP_ID, DATA_TYPE=int}
2023-12-30 15:02:17,689 - base.TestBase - ERROR - $$$$$$$$$$$$$$$$$$$$$$$$$$$$$$$$$$$$$$$$$$$$$$$$$$$$$$$$$$$$$$$$$$$$$$$$    Test Case 15 : Table Metadata Validation for T_EMP : FAILED
2023-12-30 15:02:17,689 - base.TestBase - ERROR - Test failed: [{COLUMN_NAME=EMP_ID345, TARGET_COLUMN_NAME=EMP_ID}, {COLUMN_NAME=T_EMP_ID1212, TARGET_COLUMN_NAME=T_EMP_ID}] expected [true] but found [false]
java.lang.AssertionError: [{COLUMN_NAME=EMP_ID345, TARGET_COLUMN_NAME=EMP_ID}, {COLUMN_NAME=T_EMP_ID1212, TARGET_COLUMN_NAME=T_EMP_ID}] expected [true] but found [false]
	at org.testng.Assert.fail(Assert.java:99)
	at org.testng.Assert.failNotEquals(Assert.java:1037)
	at org.testng.Assert.assertTrue(Assert.java:45)
	at testCases.TableMetadataValidation.tableMetadataValidation(TableMetadataValidation.java:58)
	at java.base/jdk.internal.reflect.NativeMethodAccessorImpl.invoke0(Native Method)
	at java.base/jdk.internal.reflect.NativeMethodAccessorImpl.invoke(NativeMethodAccessorImpl.java:62)
	at java.base/jdk.internal.reflect.DelegatingMethodAccessorImpl.invoke(DelegatingMethodAccessorImpl.java:43)
	at java.base/java.lang.reflect.Method.invoke(Method.java:566)
	at org.testng.internal.MethodInvocationHelper.invokeMethod(MethodInvocationHelper.java:133)
	at org.testng.internal.TestInvoker.invokeMethod(TestInvoker.java:598)
	at org.testng.internal.TestInvoker.invokeTestMethod(TestInvoker.java:173)
	at org.testng.internal.MethodRunner.runInSequence(MethodRunner.java:46)
	at org.testng.internal.TestInvoker$MethodInvocationAgent.invoke(TestInvoker.java:824)
	at org.testng.internal.TestInvoker.invokeTestMethods(TestInvoker.java:146)
	at org.testng.internal.TestMethodWorker.invokeTestMethods(TestMethodWorker.java:146)
	at org.testng.internal.TestMethodWorker.run(TestMethodWorker.java:128)
	at java.base/java.util.ArrayList.forEach(ArrayList.java:1541)
	at org.testng.TestRunner.privateRun(TestRunner.java:794)
	at org.testng.TestRunner.run(TestRunner.java:596)
	at org.testng.SuiteRunner.runTest(SuiteRunner.java:377)
	at org.testng.SuiteRunner.runSequentially(SuiteRunner.java:371)
	at org.testng.SuiteRunner.privateRun(SuiteRunner.java:332)
	at org.testng.SuiteRunner.run(SuiteRunner.java:276)
	at org.testng.SuiteRunnerWorker.runSuite(SuiteRunnerWorker.java:53)
	at org.testng.SuiteRunnerWorker.run(SuiteRunnerWorker.java:96)
	at org.testng.TestNG.runSuitesSequentially(TestNG.java:1212)
	at org.testng.TestNG.runSuitesLocally(TestNG.java:1134)
	at org.testng.TestNG.runSuites(TestNG.java:1063)
	at org.testng.TestNG.run(TestNG.java:1031)
	at org.testng.remote.AbstractRemoteTestNG.run(AbstractRemoteTestNG.java:115)
	at org.testng.remote.RemoteTestNG.initAndRun(RemoteTestNG.java:251)
	at org.testng.remote.RemoteTestNG.main(RemoteTestNG.java:77)
2023-12-30 15:02:17,693 - base.TestBase - INFO - #########################################################################    Test Case 16 Table Metadata Validation for T_DEPT : STARTED
2023-12-30 15:02:17,693 - base.TestBase - INFO - Processing Table: T_DEPT
2023-12-30 15:02:17,694 - base.TestBase - INFO - Sorted Metadata from Mapping Sheet:[{COLUMN_NAME=DEPTNO, DATA_TYPE=int}, {COLUMN_NAME=DNAME, DATA_TYPE=varchar(14)}, {COLUMN_NAME=LOC, DATA_TYPE=varchar(13)}, {COLUMN_NAME=T_DEPT_ID, DATA_TYPE=int}]
2023-12-30 15:02:17,698 - queryFunction.MySqlMetadataRetrieval - INFO - Metadata retrieval from MySQL table completed for table: T_DEPT
2023-12-30 15:02:17,698 - queryFunction.MySqlMetadataRetrieval - INFO - Metadata from MySQL Table:[{COLUMN_NAME=DEPTNO, DATA_TYPE=int}, {COLUMN_NAME=DNAME, DATA_TYPE=varchar(14)}, {COLUMN_NAME=LOC, DATA_TYPE=varchar(13)}, {COLUMN_NAME=T_DEPT_ID, DATA_TYPE=int}]
2023-12-30 15:02:17,699 - base.TestBase - INFO - Metadata Match for Table: T_DEPT
2023-12-30 15:02:17,699 - base.TestBase - INFO - #########################################################################    Test Case 16 Table Metadata Validation for T_DEPT : PASSED
2023-12-30 15:02:17,700 - base.TestBase - INFO - Teardown started..............
2023-12-30 15:02:17,718 - base.TestBase - INFO - Workbook closed successfully.
2023-12-30 15:02:17,720 - queryFunction.DatabaseConn - INFO - Database Connection Closed
2023-12-30 15:02:17,720 - base.TestBase - INFO - Source database connection closed successfully.
2023-12-30 15:02:17,721 - queryFunction.DatabaseConn - INFO - Database Connection Closed
2023-12-30 15:02:17,721 - base.TestBase - INFO - Target database connection closed successfully.
2023-12-30 15:02:17,721 - base.TestBase - INFO - Thread pool shut down successfully.
2023-12-30 15:02:17,721 - base.TestBase - INFO - ****************************************************    Teardown Completed     ********************************************
2023-12-30 15:02:18,064 - util.Banner - INFO - *****     *****    ****    *   *    *      *****  
2023-12-30 15:02:18,065 - util.Banner - INFO - *   *     *        *       *   *    *        *    
2023-12-30 15:02:18,065 - util.Banner - INFO - *****     ****     ****    *   *    *        *    
2023-12-30 15:02:18,065 - util.Banner - INFO - *  **     *           *    *   *    *        *    
2023-12-30 15:02:18,065 - util.Banner - INFO - *   **    *****    ****     ***     *****    *    
2023-12-30 15:02:18,065 - base.TestBase - INFO - Test Case 1 ITEMS_10L_Record_Validation: FAILED
2023-12-30 15:02:18,065 - base.TestBase - INFO - Test Case 2 ITEMS_CountValidation: PASSED
2023-12-30 15:02:18,065 - base.TestBase - INFO - Test Case 3 STUDENT_5L_Record_Validation: PASSED
2023-12-30 15:02:18,065 - base.TestBase - INFO - Test Case 4 STUDENT_CountValidation: PASSED
2023-12-30 15:02:18,066 - base.TestBase - INFO - Test Case 5 STUDENT_SMALL_db_to_file_validation: PASSED
2023-12-30 15:02:18,066 - base.TestBase - INFO - Test Case 6 STUDENT_SMALL_file_to_db_validation: PASSED
2023-12-30 15:02:18,066 - base.TestBase - INFO - Test Case 7 STUDENT_SMALL_file_to_file_validation: PASSED
2023-12-30 15:02:18,066 - base.TestBase - INFO - Test Case 8 T_DEPT_CountValidation: PASSED
2023-12-30 15:02:18,066 - base.TestBase - INFO - Test Case 9 T_DEPT_DataCompletenessValidation: PASSED
2023-12-30 15:02:18,066 - base.TestBase - INFO - Test Case 10 T_EMP_CountValidation: PASSED
2023-12-30 15:02:18,066 - base.TestBase - INFO - Test Case 11 T_EMP_DataCompletenessValidation: FAILED
2023-12-30 15:02:18,066 - base.TestBase - INFO - Test Case 12 T_EMP_DuplicateValidation: PASSED
2023-12-30 15:02:18,066 - base.TestBase - INFO - Test Case 13 T_EMP_PrimaryKey_Validation: PASSED
2023-12-30 15:02:18,066 - base.TestBase - INFO - Test Case 14 T_EMP_SurrogateKey_Validation: PASSED
2023-12-30 15:02:18,066 - base.TestBase - INFO - Test Case 15 Table Metadata Validation for T_EMP: FAILED
2023-12-30 15:02:18,066 - base.TestBase - INFO - Test Case 16 Table Metadata Validation for T_DEPT: PASSED
2024-01-03 16:46:33,966 - util.Log4jConfigurator - INFO - Log4j configuration loaded successfully.
2024-01-03 16:46:33,971 - base.TestBase - INFO - Log4j configured successfully.
2024-01-03 16:46:33,972 - base.TestBase - INFO - Properties file loaded successfully.
2024-01-03 16:46:33,975 - base.TestBase - INFO - Thread Pool created
2024-01-03 16:46:33,975 - base.TestBase - INFO - Target Database selected : mysql
2024-01-03 16:46:33,975 - base.TestBase - INFO - Auto Generated Metadata option selected as : yes
2024-01-03 16:46:33,976 - queryFunction.MetadataExcelGenerator - INFO - Starting metadata Excel generation...
2024-01-03 16:46:33,977 - queryFunction.MetadataExcelGenerator - INFO - Existing Metadata Excel deleted: ./TableMetadata/metadata_excel.xlsx
2024-01-03 16:46:34,773 - queryFunction.MetadataExcelGenerator - INFO - Metadata Excel auto-generated successfully at: ./TableMetadata/metadata_excel.xlsx
2024-01-03 16:46:34,774 - base.TestBase - INFO - Metadata Excel Generation Completed....
2024-01-03 16:46:35,378 - queryFunction.DatabaseConn - INFO - Database is Connected
2024-01-03 16:46:35,379 - base.TestBase - INFO - Target database connection established successfully.
2024-01-03 16:46:35,379 - base.TestBase - INFO - ********************************    Target Set up completed     *********************************
2024-01-03 16:46:35,379 - base.TestBase - INFO - Source Database selected : oracle
2024-01-03 16:46:35,822 - queryFunction.DatabaseConn - INFO - Database is Connected
2024-01-03 16:46:35,823 - base.TestBase - INFO - Source database connection established successfully.
2024-01-03 16:46:35,854 - base.TestBase - INFO - ********************************    Source Set up completed    *********************************
2024-01-03 16:46:35,878 - base.TestBase - INFO - #########################################################################    Test Case 1 : Data Completeness Validation for ITEMS_10L_Record_Validation : STARTED
2024-01-03 16:46:35,881 - base.TestBase - INFO - Reading source SQL query from file
2024-01-03 16:46:35,885 - queryFunction.sqlFunction - INFO - Query read from file: ./SQLFiles/ITEMS_10L_Record_Validation/source/source.sql
2024-01-03 16:46:35,975 - queryFunction.sqlFunction - ERROR - Error executing query: ORA-00933: SQL command not properly ended

2024-01-03 16:46:35,977 - base.TestBase - ERROR - Test failed: java.lang.AssertionError: Test failed: ORA-00933: SQL command not properly ended

java.util.concurrent.ExecutionException: java.lang.AssertionError: Test failed: ORA-00933: SQL command not properly ended

	at java.base/java.util.concurrent.FutureTask.report(FutureTask.java:122)
	at java.base/java.util.concurrent.FutureTask.get(FutureTask.java:191)
	at testCases.DataCompletenessValidation.dataCompleteness(DataCompletenessValidation.java:131)
	at java.base/jdk.internal.reflect.NativeMethodAccessorImpl.invoke0(Native Method)
	at java.base/jdk.internal.reflect.NativeMethodAccessorImpl.invoke(NativeMethodAccessorImpl.java:62)
	at java.base/jdk.internal.reflect.DelegatingMethodAccessorImpl.invoke(DelegatingMethodAccessorImpl.java:43)
	at java.base/java.lang.reflect.Method.invoke(Method.java:566)
	at org.testng.internal.MethodInvocationHelper.invokeMethod(MethodInvocationHelper.java:133)
	at org.testng.internal.TestInvoker.invokeMethod(TestInvoker.java:598)
	at org.testng.internal.TestInvoker.invokeTestMethod(TestInvoker.java:173)
	at org.testng.internal.MethodRunner.runInSequence(MethodRunner.java:46)
	at org.testng.internal.TestInvoker$MethodInvocationAgent.invoke(TestInvoker.java:824)
	at org.testng.internal.TestInvoker.invokeTestMethods(TestInvoker.java:146)
	at org.testng.internal.TestMethodWorker.invokeTestMethods(TestMethodWorker.java:146)
	at org.testng.internal.TestMethodWorker.run(TestMethodWorker.java:128)
	at java.base/java.util.ArrayList.forEach(ArrayList.java:1541)
	at org.testng.TestRunner.privateRun(TestRunner.java:794)
	at org.testng.TestRunner.run(TestRunner.java:596)
	at org.testng.SuiteRunner.runTest(SuiteRunner.java:377)
	at org.testng.SuiteRunner.runSequentially(SuiteRunner.java:371)
	at org.testng.SuiteRunner.privateRun(SuiteRunner.java:332)
	at org.testng.SuiteRunner.run(SuiteRunner.java:276)
	at org.testng.SuiteRunnerWorker.runSuite(SuiteRunnerWorker.java:53)
	at org.testng.SuiteRunnerWorker.run(SuiteRunnerWorker.java:96)
	at org.testng.TestNG.runSuitesSequentially(TestNG.java:1212)
	at org.testng.TestNG.runSuitesLocally(TestNG.java:1134)
	at org.testng.TestNG.runSuites(TestNG.java:1063)
	at org.testng.TestNG.run(TestNG.java:1031)
	at org.testng.remote.AbstractRemoteTestNG.run(AbstractRemoteTestNG.java:115)
	at org.testng.remote.RemoteTestNG.initAndRun(RemoteTestNG.java:251)
	at org.testng.remote.RemoteTestNG.main(RemoteTestNG.java:77)
Caused by: java.lang.AssertionError: Test failed: ORA-00933: SQL command not properly ended

	at queryFunction.sqlFunction.executeQuery(sqlFunction.java:76)
	at testCases.DataCompletenessValidation.lambda$0(DataCompletenessValidation.java:74)
	at java.base/java.util.concurrent.FutureTask.run(FutureTask.java:264)
	at java.base/java.util.concurrent.ThreadPoolExecutor.runWorker(ThreadPoolExecutor.java:1128)
	at java.base/java.util.concurrent.ThreadPoolExecutor$Worker.run(ThreadPoolExecutor.java:628)
	at java.base/java.lang.Thread.run(Thread.java:834)
Caused by: java.sql.SQLSyntaxErrorException: ORA-00933: SQL command not properly ended

	at oracle.jdbc.driver.T4CTTIoer11.processError(T4CTTIoer11.java:702)
	at oracle.jdbc.driver.T4CTTIoer11.processError(T4CTTIoer11.java:608)
	at oracle.jdbc.driver.T4C8Oall.processError(T4C8Oall.java:1248)
	at oracle.jdbc.driver.T4CTTIfun.receive(T4CTTIfun.java:1041)
	at oracle.jdbc.driver.T4CTTIfun.doRPC(T4CTTIfun.java:443)
	at oracle.jdbc.driver.T4C8Oall.doOALL(T4C8Oall.java:518)
	at oracle.jdbc.driver.T4CStatement.doOall8(T4CStatement.java:156)
	at oracle.jdbc.driver.T4CStatement.executeForDescribe(T4CStatement.java:963)
	at oracle.jdbc.driver.OracleStatement.prepareDefineBufferAndExecute(OracleStatement.java:1205)
	at oracle.jdbc.driver.OracleStatement.executeMaybeDescribe(OracleStatement.java:1135)
	at oracle.jdbc.driver.OracleStatement.executeSQLSelect(OracleStatement.java:1472)
	at oracle.jdbc.driver.OracleStatement.doExecuteWithTimeout(OracleStatement.java:1343)
	at oracle.jdbc.driver.OracleStatement.executeQuery(OracleStatement.java:1727)
	at oracle.jdbc.driver.OracleStatementWrapper.executeQuery(OracleStatementWrapper.java:380)
	at queryFunction.sqlFunction.executeQuery(sqlFunction.java:46)
	... 5 more
Caused by: Error : 933, Position : 42, SQL = select ItemId, ItemName  from items  orde by itemid
, Original SQL = select ItemId, ItemName  from items  orde by itemid
, Error Message = ORA-00933: SQL command not properly ended

	at oracle.jdbc.driver.T4CTTIoer11.processError(T4CTTIoer11.java:710)
	... 19 more
2024-01-03 16:46:35,981 - base.TestBase - ERROR - $$$$$$$$$$$$$$$$$$$$$$$$$$$$$$$$$$$$$$$$$$$$$$$$$$$$$$$$$$$$$$$$$$$$$$$$    Test Case 1 : Data Completeness Validation for ITEMS_10L_Record_Validation : FAILED
2024-01-03 16:46:35,988 - base.TestBase - INFO - #########################################################################    Test Case 2 : Data Completeness Validation for ITEMS_CountValidation : STARTED
2024-01-03 16:46:35,990 - base.TestBase - INFO - Reading source SQL query from file
2024-01-03 16:46:35,991 - queryFunction.sqlFunction - INFO - Query read from file: ./SQLFiles/ITEMS_CountValidation/source/source.sql
2024-01-03 16:46:36,076 - queryFunction.sqlFunction - INFO - Query executed successfully: SELECT count(*) FROM items

2024-01-03 16:46:36,076 - base.TestBase - INFO - Reading target SQL query from file
2024-01-03 16:46:36,077 - queryFunction.sqlFunction - INFO - Query read from file: ./SQLFiles/ITEMS_CountValidation/target/target.sql
2024-01-03 16:46:36,238 - queryFunction.sqlFunction - INFO - Query executed successfully: SELECT count(*) FROM items

2024-01-03 16:46:36,238 - base.TestBase - INFO - Finding differing rows
2024-01-03 16:46:36,238 - base.TestBase - INFO - Asserting that the lists are equal
2024-01-03 16:46:36,239 - base.TestBase - INFO - #########################################################################    Test Case 2 : Data Completeness Validation for ITEMS_CountValidation : PASSED
2024-01-03 16:46:36,242 - base.TestBase - INFO - #########################################################################    Test Case 3 : Data Completeness Validation for STUDENT_5L_Record_Validation : STARTED
2024-01-03 16:46:36,244 - base.TestBase - INFO - Reading source SQL query from file
2024-01-03 16:46:36,245 - queryFunction.sqlFunction - INFO - Query read from file: ./SQLFiles/STUDENT_5L_Record_Validation/source/source.sql
2024-01-03 16:46:37,956 - queryFunction.sqlFunction - INFO - Query executed successfully: select * from student order by student_id

2024-01-03 16:46:37,957 - base.TestBase - INFO - Reading target SQL query from file
2024-01-03 16:46:37,958 - queryFunction.sqlFunction - INFO - Query read from file: ./SQLFiles/STUDENT_5L_Record_Validation/target/target.sql
2024-01-03 16:46:41,161 - queryFunction.sqlFunction - INFO - Query executed successfully: select * from student order by student_id

2024-01-03 16:46:41,162 - base.TestBase - INFO - Finding differing rows
2024-01-03 16:46:41,224 - base.TestBase - INFO - Asserting that the lists are equal
2024-01-03 16:46:41,224 - base.TestBase - INFO - #########################################################################    Test Case 3 : Data Completeness Validation for STUDENT_5L_Record_Validation : PASSED
2024-01-03 16:46:41,226 - base.TestBase - INFO - #########################################################################    Test Case 4 : Data Completeness Validation for STUDENT_CountValidation : STARTED
2024-01-03 16:46:41,228 - base.TestBase - INFO - Reading source SQL query from file
2024-01-03 16:46:41,229 - queryFunction.sqlFunction - INFO - Query read from file: ./SQLFiles/STUDENT_CountValidation/source/source.sql
2024-01-03 16:46:41,236 - queryFunction.sqlFunction - INFO - Query executed successfully: SELECT count(*) from student

2024-01-03 16:46:41,237 - base.TestBase - INFO - Reading target SQL query from file
2024-01-03 16:46:41,238 - queryFunction.sqlFunction - INFO - Query read from file: ./SQLFiles/STUDENT_CountValidation/target/target.sql
2024-01-03 16:46:41,315 - queryFunction.sqlFunction - INFO - Query executed successfully: select count(*) from student

2024-01-03 16:46:41,315 - base.TestBase - INFO - Finding differing rows
2024-01-03 16:46:41,316 - base.TestBase - INFO - Asserting that the lists are equal
2024-01-03 16:46:41,316 - base.TestBase - INFO - #########################################################################    Test Case 4 : Data Completeness Validation for STUDENT_CountValidation : PASSED
2024-01-03 16:46:41,319 - base.TestBase - INFO - #########################################################################    Test Case 5 : Data Completeness Validation for STUDENT_SMALL_db_to_file_validation : STARTED
2024-01-03 16:46:41,322 - base.TestBase - INFO - Reading source SQL query from file
2024-01-03 16:46:41,324 - queryFunction.sqlFunction - INFO - Query read from file: ./SQLFiles/STUDENT_SMALL_db_to_file_validation/source/source.sql
2024-01-03 16:46:41,327 - queryFunction.sqlFunction - INFO - Query executed successfully: select * from student_small order by student_id

2024-01-03 16:46:41,328 - base.TestBase - INFO - Reading data from target CSV file
2024-01-03 16:46:41,349 - queryFunction.CSVFileReader - INFO - Reading CSV file: .\SQLFiles\STUDENT_SMALL_db_to_file_validation\target\student_small.csv
2024-01-03 16:46:41,350 - queryFunction.CSVFileReader - INFO - CSV file read successfully. Number of rows: 10
2024-01-03 16:46:41,351 - base.TestBase - INFO - Finding differing rows
2024-01-03 16:46:41,351 - base.TestBase - INFO - Asserting that the lists are equal
2024-01-03 16:46:41,351 - base.TestBase - INFO - #########################################################################    Test Case 5 : Data Completeness Validation for STUDENT_SMALL_db_to_file_validation : PASSED
2024-01-03 16:46:41,353 - base.TestBase - INFO - #########################################################################    Test Case 6 : Data Completeness Validation for STUDENT_SMALL_db_to_JSONfile_validation : STARTED
2024-01-03 16:46:41,355 - base.TestBase - INFO - Reading source SQL query from file
2024-01-03 16:46:41,356 - queryFunction.sqlFunction - INFO - Query read from file: ./SQLFiles/STUDENT_SMALL_db_to_JSONfile_validation/source/source.sql
2024-01-03 16:46:41,358 - queryFunction.sqlFunction - INFO - Query executed successfully: select * from student_small order by student_id

2024-01-03 16:46:41,358 - base.TestBase - INFO - Reading data from target JSON file
2024-01-03 16:46:41,517 - base.TestBase - INFO - Finding differing rows
2024-01-03 16:46:41,517 - base.TestBase - INFO - Asserting that the lists are equal
2024-01-03 16:46:41,518 - base.TestBase - INFO - #########################################################################    Test Case 6 : Data Completeness Validation for STUDENT_SMALL_db_to_JSONfile_validation : PASSED
2024-01-03 16:46:41,519 - base.TestBase - INFO - #########################################################################    Test Case 7 : Data Completeness Validation for STUDENT_SMALL_file_to_db_validation : STARTED
2024-01-03 16:46:41,522 - base.TestBase - INFO - Reading data from source CSV file
2024-01-03 16:46:41,523 - queryFunction.CSVFileReader - INFO - Reading CSV file: .\SQLFiles\STUDENT_SMALL_file_to_db_validation\source\student_small.csv
2024-01-03 16:46:41,523 - queryFunction.CSVFileReader - INFO - CSV file read successfully. Number of rows: 10
2024-01-03 16:46:41,523 - base.TestBase - INFO - Reading target SQL query from file
2024-01-03 16:46:41,524 - queryFunction.sqlFunction - INFO - Query read from file: ./SQLFiles/STUDENT_SMALL_file_to_db_validation/target/target.sql
2024-01-03 16:46:41,525 - queryFunction.sqlFunction - INFO - Query executed successfully: select * from student_small order by student_id

2024-01-03 16:46:41,526 - base.TestBase - INFO - Finding differing rows
2024-01-03 16:46:41,526 - base.TestBase - INFO - Asserting that the lists are equal
2024-01-03 16:46:41,526 - base.TestBase - INFO - #########################################################################    Test Case 7 : Data Completeness Validation for STUDENT_SMALL_file_to_db_validation : PASSED
2024-01-03 16:46:41,528 - base.TestBase - INFO - #########################################################################    Test Case 8 : Data Completeness Validation for STUDENT_SMALL_file_to_file_validation : STARTED
2024-01-03 16:46:41,530 - base.TestBase - INFO - Reading data from source CSV file
2024-01-03 16:46:41,530 - queryFunction.CSVFileReader - INFO - Reading CSV file: .\SQLFiles\STUDENT_SMALL_file_to_file_validation\source\student_small.csv
2024-01-03 16:46:41,532 - queryFunction.CSVFileReader - INFO - CSV file read successfully. Number of rows: 10
2024-01-03 16:46:41,532 - base.TestBase - INFO - Reading data from target CSV file
2024-01-03 16:46:41,533 - queryFunction.CSVFileReader - INFO - Reading CSV file: .\SQLFiles\STUDENT_SMALL_file_to_file_validation\target\student_small.csv
2024-01-03 16:46:41,533 - queryFunction.CSVFileReader - INFO - CSV file read successfully. Number of rows: 10
2024-01-03 16:46:41,533 - base.TestBase - INFO - Finding differing rows
2024-01-03 16:46:41,534 - base.TestBase - INFO - Asserting that the lists are equal
2024-01-03 16:46:41,534 - base.TestBase - INFO - #########################################################################    Test Case 8 : Data Completeness Validation for STUDENT_SMALL_file_to_file_validation : PASSED
2024-01-03 16:46:41,535 - base.TestBase - INFO - #########################################################################    Test Case 9 : Data Completeness Validation for STUDENT_SMALL_JSONfile_to_db_validation : STARTED
2024-01-03 16:46:41,537 - base.TestBase - INFO - Reading data from source JSON file
2024-01-03 16:46:41,537 - base.TestBase - INFO - Reading target SQL query from file
2024-01-03 16:46:41,538 - queryFunction.sqlFunction - INFO - Query read from file: ./SQLFiles/STUDENT_SMALL_JSONfile_to_db_validation/target/target.sql
2024-01-03 16:46:41,540 - queryFunction.sqlFunction - INFO - Query executed successfully: select * from student_small order by student_id

2024-01-03 16:46:41,540 - base.TestBase - INFO - Finding differing rows
2024-01-03 16:46:41,540 - base.TestBase - INFO - Asserting that the lists are equal
2024-01-03 16:46:41,541 - base.TestBase - INFO - #########################################################################    Test Case 9 : Data Completeness Validation for STUDENT_SMALL_JSONfile_to_db_validation : PASSED
2024-01-03 16:46:41,542 - base.TestBase - INFO - #########################################################################    Test Case 10 : Data Completeness Validation for STUDENT_SMALL_JSONfile_to_JSONfile_validation : STARTED
2024-01-03 16:46:41,544 - base.TestBase - INFO - Reading data from source JSON file
2024-01-03 16:46:41,545 - base.TestBase - INFO - Reading data from target JSON file
2024-01-03 16:46:41,546 - base.TestBase - INFO - Finding differing rows
2024-01-03 16:46:41,546 - base.TestBase - INFO - Asserting that the lists are equal
2024-01-03 16:46:41,546 - base.TestBase - INFO - #########################################################################    Test Case 10 : Data Completeness Validation for STUDENT_SMALL_JSONfile_to_JSONfile_validation : PASSED
2024-01-03 16:46:41,549 - base.TestBase - INFO - #########################################################################    Test Case 11 : Data Completeness Validation for T_DEPT_CountValidation : STARTED
2024-01-03 16:46:41,550 - base.TestBase - INFO - Reading source SQL query from file
2024-01-03 16:46:41,551 - queryFunction.sqlFunction - INFO - Query read from file: ./SQLFiles/T_DEPT_CountValidation/source/source.sql
2024-01-03 16:46:41,552 - queryFunction.sqlFunction - INFO - Query executed successfully: SELECT count(*) from dept

2024-01-03 16:46:41,552 - base.TestBase - INFO - Reading target SQL query from file
2024-01-03 16:46:41,553 - queryFunction.sqlFunction - INFO - Query read from file: ./SQLFiles/T_DEPT_CountValidation/target/target.sql
2024-01-03 16:46:41,558 - queryFunction.sqlFunction - INFO - Query executed successfully: select count(*) from t_dept

2024-01-03 16:46:41,558 - base.TestBase - INFO - Finding differing rows
2024-01-03 16:46:41,558 - base.TestBase - INFO - Asserting that the lists are equal
2024-01-03 16:46:41,558 - base.TestBase - INFO - #########################################################################    Test Case 11 : Data Completeness Validation for T_DEPT_CountValidation : PASSED
2024-01-03 16:46:41,559 - base.TestBase - INFO - #########################################################################    Test Case 12 : Data Completeness Validation for T_DEPT_DataCompletenessValidation : STARTED
2024-01-03 16:46:41,561 - base.TestBase - INFO - Reading source SQL query from file
2024-01-03 16:46:41,562 - queryFunction.sqlFunction - INFO - Query read from file: ./SQLFiles/T_DEPT_DataCompletenessValidation/source/source.sql
2024-01-03 16:46:41,563 - queryFunction.sqlFunction - INFO - Query executed successfully: SELECT * from dept order by deptno

2024-01-03 16:46:41,563 - base.TestBase - INFO - Reading target SQL query from file
2024-01-03 16:46:41,564 - queryFunction.sqlFunction - INFO - Query read from file: ./SQLFiles/T_DEPT_DataCompletenessValidation/target/target.sql
2024-01-03 16:46:41,565 - queryFunction.sqlFunction - INFO - Query executed successfully: SELECT deptno,dname,loc from t_dept order by t_dept_id

2024-01-03 16:46:41,565 - base.TestBase - INFO - Finding differing rows
2024-01-03 16:46:41,565 - base.TestBase - INFO - Asserting that the lists are equal
2024-01-03 16:46:41,565 - base.TestBase - INFO - #########################################################################    Test Case 12 : Data Completeness Validation for T_DEPT_DataCompletenessValidation : PASSED
2024-01-03 16:46:41,568 - base.TestBase - INFO - #########################################################################    Test Case 13 : Data Completeness Validation for T_EMP_CountValidation : STARTED
2024-01-03 16:46:41,569 - base.TestBase - INFO - Reading source SQL query from file
2024-01-03 16:46:41,570 - queryFunction.sqlFunction - INFO - Query read from file: ./SQLFiles/T_EMP_CountValidation/source/source.sql
2024-01-03 16:46:41,572 - queryFunction.sqlFunction - INFO - Query executed successfully: SELECT count(*) FROM s_emp e1 
INNER JOIN s_dept d1 ON e1.deptno = d1.deptno
INNER JOIN s_emp e2 on e2.empno=e1.mgr

2024-01-03 16:46:41,572 - base.TestBase - INFO - Reading target SQL query from file
2024-01-03 16:46:41,573 - queryFunction.sqlFunction - INFO - Query read from file: ./SQLFiles/T_EMP_CountValidation/target/target.sql
2024-01-03 16:46:41,577 - queryFunction.sqlFunction - INFO - Query executed successfully: select count(*) from t_emp

2024-01-03 16:46:41,577 - base.TestBase - INFO - Finding differing rows
2024-01-03 16:46:41,577 - base.TestBase - INFO - Asserting that the lists are equal
2024-01-03 16:46:41,577 - base.TestBase - INFO - #########################################################################    Test Case 13 : Data Completeness Validation for T_EMP_CountValidation : PASSED
2024-01-03 16:46:41,579 - base.TestBase - INFO - #########################################################################    Test Case 14 : Data Completeness Validation for T_EMP_DataCompletenessValidation : STARTED
2024-01-03 16:46:41,580 - base.TestBase - INFO - Reading source SQL query from file
2024-01-03 16:46:41,581 - queryFunction.sqlFunction - INFO - Query read from file: ./SQLFiles/T_EMP_DataCompletenessValidation/source/source.sql
2024-01-03 16:46:41,585 - queryFunction.sqlFunction - INFO - Query executed successfully: SELECT 
    e1.EMPNO AS EMP_ID,
    INITCAP(e1.ename) AS EMP_NAME,
    d1.dname AS DEPT_NAME,
    INITCAP(e2.ename) AS MANAGER_NAME,
    e1.job AS JOB_TYPE,
    INITCAP(d1.loc) AS LOCATION,
    TO_CHAR(e1.hiredate,'yyyy-mm-dd') as HIRE_DATE,
    ROUND(MONTHS_BETWEEN(SYSDATE, e1.hiredate) / 12) AS TOTAL_EXP_IN_COMPANY,
    e1.sal AS SALARY,
    NVL(e1.comm, 0) AS COMMISSION,
    e1.sal + NVL(e1.comm, 0) AS TOTAL_SALARY,
    CASE 
        WHEN e1.sal + NVL(e1.comm, 0) < 2000 THEN 'LOW' 
        WHEN e1.sal + NVL(e1.comm, 0) BETWEEN 2000 AND 3000 THEN 'MID' 
        ELSE 'HIGH' 
    END AS SALARY_GRADE
FROM s_emp e1 
INNER JOIN s_dept d1 ON e1.deptno = d1.deptno
INNER JOIN s_emp e2 on e2.empno=e1.mgr
order by EMP_ID

2024-01-03 16:46:41,585 - base.TestBase - INFO - Reading target SQL query from file
2024-01-03 16:46:41,586 - queryFunction.sqlFunction - INFO - Query read from file: ./SQLFiles/T_EMP_DataCompletenessValidation/target/target.sql
2024-01-03 16:46:41,588 - queryFunction.sqlFunction - INFO - Query executed successfully: select 
EMP_ID,
EMP_NAME,
DEPT_NAME,
MANAGER_NAME,
JOB_TYPE,
LOCATION,
HIRE_DATE,
TOTAL_EXP_IN_COMPANY,
SALARY,
COMMISSION,
TOTAL_SALARY,
SALARY_GRADE
from t_emp
order by EMP_ID

2024-01-03 16:46:41,588 - base.TestBase - INFO - Finding differing rows
2024-01-03 16:46:41,588 - base.TestBase - ERROR - $$$$$$$$$$$$$$$$$$$$$$$$$$$$$$$$$$$$$$$$$$$$$$$$$$$$$$$$$$$$$$$$$$$$$$$$    Test Case 14 : Data Completeness Validation for T_EMP_DataCompletenessValidation : FAILED
2024-01-03 16:46:41,592 - base.TestBase - ERROR - Test failed: java.lang.AssertionError: Details of Differences:
Row 1:
   Column 2: List1 = EMP_NAME: Sunil, List2 = EMP_NAME: Smith
 expected [true] but found [false]
java.util.concurrent.ExecutionException: java.lang.AssertionError: Details of Differences:
Row 1:
   Column 2: List1 = EMP_NAME: Sunil, List2 = EMP_NAME: Smith
 expected [true] but found [false]
	at java.base/java.util.concurrent.FutureTask.report(FutureTask.java:122)
	at java.base/java.util.concurrent.FutureTask.get(FutureTask.java:191)
	at testCases.DataCompletenessValidation.dataCompleteness(DataCompletenessValidation.java:131)
	at java.base/jdk.internal.reflect.NativeMethodAccessorImpl.invoke0(Native Method)
	at java.base/jdk.internal.reflect.NativeMethodAccessorImpl.invoke(NativeMethodAccessorImpl.java:62)
	at java.base/jdk.internal.reflect.DelegatingMethodAccessorImpl.invoke(DelegatingMethodAccessorImpl.java:43)
	at java.base/java.lang.reflect.Method.invoke(Method.java:566)
	at org.testng.internal.MethodInvocationHelper.invokeMethod(MethodInvocationHelper.java:133)
	at org.testng.internal.TestInvoker.invokeMethod(TestInvoker.java:598)
	at org.testng.internal.TestInvoker.invokeTestMethod(TestInvoker.java:173)
	at org.testng.internal.MethodRunner.runInSequence(MethodRunner.java:46)
	at org.testng.internal.TestInvoker$MethodInvocationAgent.invoke(TestInvoker.java:824)
	at org.testng.internal.TestInvoker.invokeTestMethods(TestInvoker.java:146)
	at org.testng.internal.TestMethodWorker.invokeTestMethods(TestMethodWorker.java:146)
	at org.testng.internal.TestMethodWorker.run(TestMethodWorker.java:128)
	at java.base/java.util.ArrayList.forEach(ArrayList.java:1541)
	at org.testng.TestRunner.privateRun(TestRunner.java:794)
	at org.testng.TestRunner.run(TestRunner.java:596)
	at org.testng.SuiteRunner.runTest(SuiteRunner.java:377)
	at org.testng.SuiteRunner.runSequentially(SuiteRunner.java:371)
	at org.testng.SuiteRunner.privateRun(SuiteRunner.java:332)
	at org.testng.SuiteRunner.run(SuiteRunner.java:276)
	at org.testng.SuiteRunnerWorker.runSuite(SuiteRunnerWorker.java:53)
	at org.testng.SuiteRunnerWorker.run(SuiteRunnerWorker.java:96)
	at org.testng.TestNG.runSuitesSequentially(TestNG.java:1212)
	at org.testng.TestNG.runSuitesLocally(TestNG.java:1134)
	at org.testng.TestNG.runSuites(TestNG.java:1063)
	at org.testng.TestNG.run(TestNG.java:1031)
	at org.testng.remote.AbstractRemoteTestNG.run(AbstractRemoteTestNG.java:115)
	at org.testng.remote.RemoteTestNG.initAndRun(RemoteTestNG.java:251)
	at org.testng.remote.RemoteTestNG.main(RemoteTestNG.java:77)
Caused by: java.lang.AssertionError: Details of Differences:
Row 1:
   Column 2: List1 = EMP_NAME: Sunil, List2 = EMP_NAME: Smith
 expected [true] but found [false]
	at org.testng.Assert.fail(Assert.java:99)
	at org.testng.Assert.failNotEquals(Assert.java:1037)
	at org.testng.Assert.assertTrue(Assert.java:45)
	at testCases.DataCompletenessValidation.lambda$0(DataCompletenessValidation.java:119)
	at java.base/java.util.concurrent.FutureTask.run(FutureTask.java:264)
	at java.base/java.util.concurrent.ThreadPoolExecutor.runWorker(ThreadPoolExecutor.java:1128)
	at java.base/java.util.concurrent.ThreadPoolExecutor$Worker.run(ThreadPoolExecutor.java:628)
	at java.base/java.lang.Thread.run(Thread.java:834)
2024-01-03 16:46:41,593 - base.TestBase - ERROR - $$$$$$$$$$$$$$$$$$$$$$$$$$$$$$$$$$$$$$$$$$$$$$$$$$$$$$$$$$$$$$$$$$$$$$$$    Test Case 14 : Data Completeness Validation for T_EMP_DataCompletenessValidation : FAILED
2024-01-03 16:46:41,596 - base.TestBase - INFO - #########################################################################    Test Case 15 : Data Completeness Validation for T_EMP_DuplicateValidation : STARTED
2024-01-03 16:46:41,598 - base.TestBase - INFO - Reading source SQL query from file
2024-01-03 16:46:41,598 - queryFunction.sqlFunction - INFO - Query read from file: ./SQLFiles/T_EMP_DuplicateValidation/source/source.sql
2024-01-03 16:46:41,599 - queryFunction.sqlFunction - INFO - Query executed successfully: select 0 as No_Of_Duplicate_Rows from dual

2024-01-03 16:46:41,599 - base.TestBase - INFO - Reading target SQL query from file
2024-01-03 16:46:41,600 - queryFunction.sqlFunction - INFO - Query read from file: ./SQLFiles/T_EMP_DuplicateValidation/target/target.sql
2024-01-03 16:46:41,602 - queryFunction.sqlFunction - INFO - Query executed successfully: select dup.No_Of_Duplicate_Rows from(
select 
EMP_ID,
EMP_NAME,
DEPT_NAME,
MANAGER_NAME,
JOB_TYPE,
LOCATION,
HIRE_DATE,
TOTAL_EXP_IN_COMPANY,
SALARY,
COMMISSION,
TOTAL_SALARY,
SALARY_GRADE,
COUNT(*) as No_Of_Duplicate_Rows
from T_EMP
group by
EMP_ID,
EMP_NAME,
DEPT_NAME,
MANAGER_NAME,
JOB_TYPE,
LOCATION,
HIRE_DATE,
TOTAL_EXP_IN_COMPANY,
SALARY,
COMMISSION,
TOTAL_SALARY,
SALARY_GRADE
having COUNT(*) >1) dup

2024-01-03 16:46:41,602 - base.TestBase - INFO - Finding differing rows
2024-01-03 16:46:41,602 - base.TestBase - INFO - Asserting that the lists are equal
2024-01-03 16:46:41,602 - base.TestBase - INFO - #########################################################################    Test Case 15 : Data Completeness Validation for T_EMP_DuplicateValidation : PASSED
2024-01-03 16:46:41,604 - base.TestBase - INFO - #########################################################################    Test Case 16 : Data Completeness Validation for T_EMP_PrimaryKey_Validation : STARTED
2024-01-03 16:46:41,605 - base.TestBase - INFO - Reading source SQL query from file
2024-01-03 16:46:41,606 - queryFunction.sqlFunction - INFO - Query read from file: ./SQLFiles/T_EMP_PrimaryKey_Validation/source/source.sql
2024-01-03 16:46:41,607 - queryFunction.sqlFunction - INFO - Query executed successfully: select 0 as Null_and_Duplicates from dual

2024-01-03 16:46:41,607 - base.TestBase - INFO - Reading target SQL query from file
2024-01-03 16:46:41,607 - queryFunction.sqlFunction - INFO - Query read from file: ./SQLFiles/T_EMP_PrimaryKey_Validation/target/target.sql
2024-01-03 16:46:41,609 - queryFunction.sqlFunction - INFO - Query executed successfully: select count(*) as Null_and_Duplicates from T_emp where EMP_ID is null
union
select e.cnt from(
select emp_id, count(*) cnt from t_emp group by emp_id having cnt>1)e

2024-01-03 16:46:41,609 - base.TestBase - INFO - Finding differing rows
2024-01-03 16:46:41,609 - base.TestBase - INFO - Asserting that the lists are equal
2024-01-03 16:46:41,609 - base.TestBase - INFO - #########################################################################    Test Case 16 : Data Completeness Validation for T_EMP_PrimaryKey_Validation : PASSED
2024-01-03 16:46:41,610 - base.TestBase - INFO - #########################################################################    Test Case 17 : Data Completeness Validation for T_EMP_SurrogateKey_Validation : STARTED
2024-01-03 16:46:41,611 - base.TestBase - INFO - Reading source SQL query from file
2024-01-03 16:46:41,612 - queryFunction.sqlFunction - INFO - Query read from file: ./SQLFiles/T_EMP_SurrogateKey_Validation/source/source.sql
2024-01-03 16:46:41,613 - queryFunction.sqlFunction - INFO - Query executed successfully: select 0 as Null_and_Duplicates from dual

2024-01-03 16:46:41,613 - base.TestBase - INFO - Reading target SQL query from file
2024-01-03 16:46:41,613 - queryFunction.sqlFunction - INFO - Query read from file: ./SQLFiles/T_EMP_SurrogateKey_Validation/target/target.sql
2024-01-03 16:46:41,615 - queryFunction.sqlFunction - INFO - Query executed successfully: select count(*) as Null_and_Duplicates from T_emp where T_EMP_ID is null
union
select e.cnt from(
select t_emp_id, count(*) cnt from t_emp group by t_emp_id having cnt>1)e

2024-01-03 16:46:41,615 - base.TestBase - INFO - Finding differing rows
2024-01-03 16:46:41,615 - base.TestBase - INFO - Asserting that the lists are equal
2024-01-03 16:46:41,615 - base.TestBase - INFO - #########################################################################    Test Case 17 : Data Completeness Validation for T_EMP_SurrogateKey_Validation : PASSED
2024-01-03 16:46:41,617 - base.TestBase - INFO - Teardown started..............
2024-01-03 16:46:41,619 - queryFunction.DatabaseConn - INFO - Database Connection Closed
2024-01-03 16:46:41,620 - base.TestBase - INFO - Source database connection closed successfully.
2024-01-03 16:46:41,622 - queryFunction.DatabaseConn - INFO - Database Connection Closed
2024-01-03 16:46:41,622 - base.TestBase - INFO - Target database connection closed successfully.
2024-01-03 16:46:41,623 - base.TestBase - INFO - Thread pool shut down successfully.
2024-01-03 16:46:41,623 - base.TestBase - INFO - ****************************************************    Teardown Completed     ********************************************
2024-01-03 16:46:41,625 - base.TestBase - INFO - BeforeClass setUp() execution started............
2024-01-03 16:46:41,633 - util.Log4jConfigurator - INFO - Log4j configuration loaded successfully.
2024-01-03 16:46:41,634 - base.TestBase - INFO - Log4j configured successfully.
2024-01-03 16:46:41,634 - base.TestBase - INFO - Properties file loaded successfully.
2024-01-03 16:46:41,634 - base.TestBase - INFO - Thread Pool created
2024-01-03 16:46:41,634 - base.TestBase - INFO - Target Database selected : mysql
2024-01-03 16:46:41,634 - base.TestBase - INFO - Auto Generated Metadata option selected as : yes
2024-01-03 16:46:41,634 - queryFunction.MetadataExcelGenerator - INFO - Starting metadata Excel generation...
2024-01-03 16:46:41,635 - queryFunction.MetadataExcelGenerator - INFO - Existing Metadata Excel deleted: ./TableMetadata/metadata_excel.xlsx
2024-01-03 16:46:41,727 - queryFunction.MetadataExcelGenerator - INFO - Metadata Excel auto-generated successfully at: ./TableMetadata/metadata_excel.xlsx
2024-01-03 16:46:41,727 - base.TestBase - INFO - Metadata Excel Generation Completed....
2024-01-03 16:46:41,751 - queryFunction.DatabaseConn - INFO - Database is Connected
2024-01-03 16:46:41,751 - base.TestBase - INFO - Target database connection established successfully.
2024-01-03 16:46:41,751 - base.TestBase - INFO - ********************************    Target Set up completed     *********************************
2024-01-03 16:46:41,751 - base.TestBase - INFO - Source Database selected : oracle
2024-01-03 16:46:41,828 - queryFunction.DatabaseConn - INFO - Database is Connected
2024-01-03 16:46:41,828 - base.TestBase - INFO - Source database connection established successfully.
2024-01-03 16:46:41,829 - base.TestBase - INFO - ********************************    Source Set up completed    *********************************
2024-01-03 16:46:41,854 - base.TestBase - INFO - Workbook loaded successfully.
2024-01-03 16:46:41,855 - base.TestBase - INFO - #########################################################################    Test Case 18 Table Metadata Validation for T_EMP : STARTED
2024-01-03 16:46:41,855 - base.TestBase - INFO - Processing Table: T_EMP
2024-01-03 16:46:41,858 - base.TestBase - INFO - Sorted Metadata from Mapping Sheet:[{COLUMN_NAME=COMMISSION, DATA_TYPE=int}, {COLUMN_NAME=DEPT_NAME, DATA_TYPE=varchar(20)}, {COLUMN_NAME=EMP_ID345, DATA_TYPE=int}, {COLUMN_NAME=EMP_NAME, DATA_TYPE=varchar(50)}, {COLUMN_NAME=HIRE_DATE, DATA_TYPE=date}, {COLUMN_NAME=JOB_TYPE, DATA_TYPE=varchar(20)}, {COLUMN_NAME=LOCATION, DATA_TYPE=varchar(30)}, {COLUMN_NAME=MANAGER_NAME, DATA_TYPE=varchar(50)}, {COLUMN_NAME=SALARY, DATA_TYPE=int}, {COLUMN_NAME=SALARY_GRADE, DATA_TYPE=varchar(10)}, {COLUMN_NAME=T_EMP_ID1212, DATA_TYPE=int}, {COLUMN_NAME=TOTAL_EXP_IN_COMPANY, DATA_TYPE=int}, {COLUMN_NAME=TOTAL_SALARY, DATA_TYPE=int}]
2024-01-03 16:46:41,889 - queryFunction.MySqlMetadataRetrieval - INFO - Metadata retrieval from MySQL table completed for table: T_EMP
2024-01-03 16:46:41,890 - queryFunction.MySqlMetadataRetrieval - INFO - Metadata from MySQL Table:[{COLUMN_NAME=COMMISSION, DATA_TYPE=int}, {COLUMN_NAME=DEPT_NAME, DATA_TYPE=varchar(20)}, {COLUMN_NAME=EMP_ID, DATA_TYPE=int}, {COLUMN_NAME=EMP_NAME, DATA_TYPE=varchar(50)}, {COLUMN_NAME=HIRE_DATE, DATA_TYPE=date}, {COLUMN_NAME=JOB_TYPE, DATA_TYPE=varchar(20)}, {COLUMN_NAME=LOCATION, DATA_TYPE=varchar(30)}, {COLUMN_NAME=MANAGER_NAME, DATA_TYPE=varchar(50)}, {COLUMN_NAME=SALARY, DATA_TYPE=int}, {COLUMN_NAME=SALARY_GRADE, DATA_TYPE=varchar(10)}, {COLUMN_NAME=T_EMP_ID, DATA_TYPE=int}, {COLUMN_NAME=TOTAL_EXP_IN_COMPANY, DATA_TYPE=int}, {COLUMN_NAME=TOTAL_SALARY, DATA_TYPE=int}]
2024-01-03 16:46:41,890 - base.TestBase - INFO - Metadata Mismatch for Table: T_EMP
2024-01-03 16:46:41,890 - base.TestBase - INFO - Source Column: {COLUMN_NAME=EMP_ID345, DATA_TYPE=int}
2024-01-03 16:46:41,890 - base.TestBase - INFO - Target Column: {COLUMN_NAME=EMP_ID, DATA_TYPE=int}
2024-01-03 16:46:41,890 - base.TestBase - ERROR - $$$$$$$$$$$$$$$$$$$$$$$$$$$$$$$$$$$$$$$$$$$$$$$$$$$$$$$$$$$$$$$$$$$$$$$$    Test Case 18 : Table Metadata Validation for T_EMP : FAILED
2024-01-03 16:46:41,891 - base.TestBase - ERROR - Test failed: [{COLUMN_NAME=EMP_ID345, TARGET_COLUMN_NAME=EMP_ID}, {COLUMN_NAME=T_EMP_ID1212, TARGET_COLUMN_NAME=T_EMP_ID}] expected [true] but found [false]
java.lang.AssertionError: [{COLUMN_NAME=EMP_ID345, TARGET_COLUMN_NAME=EMP_ID}, {COLUMN_NAME=T_EMP_ID1212, TARGET_COLUMN_NAME=T_EMP_ID}] expected [true] but found [false]
	at org.testng.Assert.fail(Assert.java:99)
	at org.testng.Assert.failNotEquals(Assert.java:1037)
	at org.testng.Assert.assertTrue(Assert.java:45)
	at testCases.TableMetadataValidation.tableMetadataValidation(TableMetadataValidation.java:58)
	at java.base/jdk.internal.reflect.NativeMethodAccessorImpl.invoke0(Native Method)
	at java.base/jdk.internal.reflect.NativeMethodAccessorImpl.invoke(NativeMethodAccessorImpl.java:62)
	at java.base/jdk.internal.reflect.DelegatingMethodAccessorImpl.invoke(DelegatingMethodAccessorImpl.java:43)
	at java.base/java.lang.reflect.Method.invoke(Method.java:566)
	at org.testng.internal.MethodInvocationHelper.invokeMethod(MethodInvocationHelper.java:133)
	at org.testng.internal.TestInvoker.invokeMethod(TestInvoker.java:598)
	at org.testng.internal.TestInvoker.invokeTestMethod(TestInvoker.java:173)
	at org.testng.internal.MethodRunner.runInSequence(MethodRunner.java:46)
	at org.testng.internal.TestInvoker$MethodInvocationAgent.invoke(TestInvoker.java:824)
	at org.testng.internal.TestInvoker.invokeTestMethods(TestInvoker.java:146)
	at org.testng.internal.TestMethodWorker.invokeTestMethods(TestMethodWorker.java:146)
	at org.testng.internal.TestMethodWorker.run(TestMethodWorker.java:128)
	at java.base/java.util.ArrayList.forEach(ArrayList.java:1541)
	at org.testng.TestRunner.privateRun(TestRunner.java:794)
	at org.testng.TestRunner.run(TestRunner.java:596)
	at org.testng.SuiteRunner.runTest(SuiteRunner.java:377)
	at org.testng.SuiteRunner.runSequentially(SuiteRunner.java:371)
	at org.testng.SuiteRunner.privateRun(SuiteRunner.java:332)
	at org.testng.SuiteRunner.run(SuiteRunner.java:276)
	at org.testng.SuiteRunnerWorker.runSuite(SuiteRunnerWorker.java:53)
	at org.testng.SuiteRunnerWorker.run(SuiteRunnerWorker.java:96)
	at org.testng.TestNG.runSuitesSequentially(TestNG.java:1212)
	at org.testng.TestNG.runSuitesLocally(TestNG.java:1134)
	at org.testng.TestNG.runSuites(TestNG.java:1063)
	at org.testng.TestNG.run(TestNG.java:1031)
	at org.testng.remote.AbstractRemoteTestNG.run(AbstractRemoteTestNG.java:115)
	at org.testng.remote.RemoteTestNG.initAndRun(RemoteTestNG.java:251)
	at org.testng.remote.RemoteTestNG.main(RemoteTestNG.java:77)
2024-01-03 16:46:41,893 - base.TestBase - INFO - #########################################################################    Test Case 19 Table Metadata Validation for T_DEPT : STARTED
2024-01-03 16:46:41,893 - base.TestBase - INFO - Processing Table: T_DEPT
2024-01-03 16:46:41,893 - base.TestBase - INFO - Sorted Metadata from Mapping Sheet:[{COLUMN_NAME=DEPTNO, DATA_TYPE=int}, {COLUMN_NAME=DNAME, DATA_TYPE=varchar(14)}, {COLUMN_NAME=LOC, DATA_TYPE=varchar(13)}, {COLUMN_NAME=T_DEPT_ID, DATA_TYPE=int}]
2024-01-03 16:46:41,896 - queryFunction.MySqlMetadataRetrieval - INFO - Metadata retrieval from MySQL table completed for table: T_DEPT
2024-01-03 16:46:41,896 - queryFunction.MySqlMetadataRetrieval - INFO - Metadata from MySQL Table:[{COLUMN_NAME=DEPTNO, DATA_TYPE=int}, {COLUMN_NAME=DNAME, DATA_TYPE=varchar(14)}, {COLUMN_NAME=LOC, DATA_TYPE=varchar(13)}, {COLUMN_NAME=T_DEPT_ID, DATA_TYPE=int}]
2024-01-03 16:46:41,897 - base.TestBase - INFO - Metadata Match for Table: T_DEPT
2024-01-03 16:46:41,897 - base.TestBase - INFO - #########################################################################    Test Case 19 Table Metadata Validation for T_DEPT : PASSED
2024-01-03 16:46:41,898 - base.TestBase - INFO - Teardown started..............
2024-01-03 16:46:41,910 - base.TestBase - INFO - Workbook closed successfully.
2024-01-03 16:46:41,911 - queryFunction.DatabaseConn - INFO - Database Connection Closed
2024-01-03 16:46:41,911 - base.TestBase - INFO - Source database connection closed successfully.
2024-01-03 16:46:41,912 - queryFunction.DatabaseConn - INFO - Database Connection Closed
2024-01-03 16:46:41,912 - base.TestBase - INFO - Target database connection closed successfully.
2024-01-03 16:46:41,912 - base.TestBase - INFO - Thread pool shut down successfully.
2024-01-03 16:46:41,912 - base.TestBase - INFO - ****************************************************    Teardown Completed     ********************************************
2024-01-03 16:46:42,248 - util.Banner - INFO - *****     *****    ****    *   *    *      *****  
2024-01-03 16:46:42,248 - util.Banner - INFO - *   *     *        *       *   *    *        *    
2024-01-03 16:46:42,249 - util.Banner - INFO - *****     ****     ****    *   *    *        *    
2024-01-03 16:46:42,249 - util.Banner - INFO - *  **     *           *    *   *    *        *    
2024-01-03 16:46:42,249 - util.Banner - INFO - *   **    *****    ****     ***     *****    *    
2024-01-03 16:46:42,249 - base.TestBase - INFO - Test Case 1 ITEMS_10L_Record_Validation: FAILED
2024-01-03 16:46:42,249 - base.TestBase - INFO - Test Case 2 ITEMS_CountValidation: PASSED
2024-01-03 16:46:42,249 - base.TestBase - INFO - Test Case 3 STUDENT_5L_Record_Validation: PASSED
2024-01-03 16:46:42,249 - base.TestBase - INFO - Test Case 4 STUDENT_CountValidation: PASSED
2024-01-03 16:46:42,249 - base.TestBase - INFO - Test Case 5 STUDENT_SMALL_db_to_file_validation: PASSED
2024-01-03 16:46:42,249 - base.TestBase - INFO - Test Case 6 STUDENT_SMALL_db_to_JSONfile_validation: PASSED
2024-01-03 16:46:42,249 - base.TestBase - INFO - Test Case 7 STUDENT_SMALL_file_to_db_validation: PASSED
2024-01-03 16:46:42,249 - base.TestBase - INFO - Test Case 8 STUDENT_SMALL_file_to_file_validation: PASSED
2024-01-03 16:46:42,249 - base.TestBase - INFO - Test Case 9 STUDENT_SMALL_JSONfile_to_db_validation: PASSED
2024-01-03 16:46:42,250 - base.TestBase - INFO - Test Case 10 STUDENT_SMALL_JSONfile_to_JSONfile_validation: PASSED
2024-01-03 16:46:42,250 - base.TestBase - INFO - Test Case 11 T_DEPT_CountValidation: PASSED
2024-01-03 16:46:42,250 - base.TestBase - INFO - Test Case 12 T_DEPT_DataCompletenessValidation: PASSED
2024-01-03 16:46:42,250 - base.TestBase - INFO - Test Case 13 T_EMP_CountValidation: PASSED
2024-01-03 16:46:42,250 - base.TestBase - INFO - Test Case 14 T_EMP_DataCompletenessValidation: FAILED
2024-01-03 16:46:42,250 - base.TestBase - INFO - Test Case 15 T_EMP_DuplicateValidation: PASSED
2024-01-03 16:46:42,250 - base.TestBase - INFO - Test Case 16 T_EMP_PrimaryKey_Validation: PASSED
2024-01-03 16:46:42,250 - base.TestBase - INFO - Test Case 17 T_EMP_SurrogateKey_Validation: PASSED
2024-01-03 16:46:42,250 - base.TestBase - INFO - Test Case 18 Table Metadata Validation for T_EMP: FAILED
2024-01-03 16:46:42,250 - base.TestBase - INFO - Test Case 19 Table Metadata Validation for T_DEPT: PASSED
2024-01-04 00:45:43,388 - util.Log4jConfigurator - INFO - Log4j configuration loaded successfully.
2024-01-04 00:45:43,393 - base.TestBase - INFO - Log4j configured successfully.
2024-01-04 00:45:43,395 - base.TestBase - INFO - Properties file loaded successfully.
2024-01-04 00:45:43,396 - base.TestBase - INFO - Thread Pool created
2024-01-04 00:45:43,396 - base.TestBase - INFO - Target Database selected : mysql
2024-01-04 00:45:43,396 - base.TestBase - INFO - Auto Generated Metadata option selected as : yes
2024-01-04 00:45:43,397 - queryFunction.MetadataExcelGenerator - INFO - Starting metadata Excel generation...
2024-01-04 00:45:43,398 - queryFunction.MetadataExcelGenerator - INFO - Existing Metadata Excel deleted: ./TableMetadata/metadata_excel.xlsx
2024-01-04 00:45:44,144 - queryFunction.MetadataExcelGenerator - INFO - Metadata Excel auto-generated successfully at: ./TableMetadata/metadata_excel.xlsx
2024-01-04 00:45:44,145 - base.TestBase - INFO - Metadata Excel Generation Completed....
2024-01-04 00:45:44,658 - queryFunction.DatabaseConn - INFO - Database is Connected
2024-01-04 00:45:44,658 - base.TestBase - INFO - Target database connection established successfully.
2024-01-04 00:45:44,659 - base.TestBase - INFO - ********************************    Target Set up completed     *********************************
2024-01-04 00:45:44,659 - base.TestBase - INFO - Source Database selected : oracle
2024-01-04 00:45:45,082 - queryFunction.DatabaseConn - INFO - Database is Connected
2024-01-04 00:45:45,084 - base.TestBase - INFO - Source database connection established successfully.
2024-01-04 00:45:45,086 - base.TestBase - INFO - ********************************    Source Set up completed    *********************************
2024-01-04 00:45:45,108 - base.TestBase - INFO - #########################################################################    Test Case 1 : Data Completeness Validation for ITEMS_10L_Record_Validation : STARTED
2024-01-04 00:45:45,112 - base.TestBase - INFO - Reading source SQL query from file
2024-01-04 00:45:45,116 - queryFunction.sqlFunction - INFO - Query read from file: ./SQLFiles/ITEMS_10L_Record_Validation/source/source.sql
2024-01-04 00:45:45,204 - queryFunction.sqlFunction - ERROR - Error executing query: ORA-00933: SQL command not properly ended

2024-01-04 00:45:45,206 - base.TestBase - ERROR - Test failed: java.lang.AssertionError: Test failed: ORA-00933: SQL command not properly ended

java.util.concurrent.ExecutionException: java.lang.AssertionError: Test failed: ORA-00933: SQL command not properly ended

	at java.base/java.util.concurrent.FutureTask.report(FutureTask.java:122)
	at java.base/java.util.concurrent.FutureTask.get(FutureTask.java:191)
	at testCases.DataCompletenessValidation.dataCompleteness(DataCompletenessValidation.java:138)
	at java.base/jdk.internal.reflect.NativeMethodAccessorImpl.invoke0(Native Method)
	at java.base/jdk.internal.reflect.NativeMethodAccessorImpl.invoke(NativeMethodAccessorImpl.java:62)
	at java.base/jdk.internal.reflect.DelegatingMethodAccessorImpl.invoke(DelegatingMethodAccessorImpl.java:43)
	at java.base/java.lang.reflect.Method.invoke(Method.java:566)
	at org.testng.internal.MethodInvocationHelper.invokeMethod(MethodInvocationHelper.java:133)
	at org.testng.internal.TestInvoker.invokeMethod(TestInvoker.java:598)
	at org.testng.internal.TestInvoker.invokeTestMethod(TestInvoker.java:173)
	at org.testng.internal.MethodRunner.runInSequence(MethodRunner.java:46)
	at org.testng.internal.TestInvoker$MethodInvocationAgent.invoke(TestInvoker.java:824)
	at org.testng.internal.TestInvoker.invokeTestMethods(TestInvoker.java:146)
	at org.testng.internal.TestMethodWorker.invokeTestMethods(TestMethodWorker.java:146)
	at org.testng.internal.TestMethodWorker.run(TestMethodWorker.java:128)
	at java.base/java.util.ArrayList.forEach(ArrayList.java:1541)
	at org.testng.TestRunner.privateRun(TestRunner.java:794)
	at org.testng.TestRunner.run(TestRunner.java:596)
	at org.testng.SuiteRunner.runTest(SuiteRunner.java:377)
	at org.testng.SuiteRunner.runSequentially(SuiteRunner.java:371)
	at org.testng.SuiteRunner.privateRun(SuiteRunner.java:332)
	at org.testng.SuiteRunner.run(SuiteRunner.java:276)
	at org.testng.SuiteRunnerWorker.runSuite(SuiteRunnerWorker.java:53)
	at org.testng.SuiteRunnerWorker.run(SuiteRunnerWorker.java:96)
	at org.testng.TestNG.runSuitesSequentially(TestNG.java:1212)
	at org.testng.TestNG.runSuitesLocally(TestNG.java:1134)
	at org.testng.TestNG.runSuites(TestNG.java:1063)
	at org.testng.TestNG.run(TestNG.java:1031)
	at org.testng.remote.AbstractRemoteTestNG.run(AbstractRemoteTestNG.java:115)
	at org.testng.remote.RemoteTestNG.initAndRun(RemoteTestNG.java:251)
	at org.testng.remote.RemoteTestNG.main(RemoteTestNG.java:77)
Caused by: java.lang.AssertionError: Test failed: ORA-00933: SQL command not properly ended

	at queryFunction.sqlFunction.executeQuery(sqlFunction.java:76)
	at testCases.DataCompletenessValidation.lambda$0(DataCompletenessValidation.java:79)
	at java.base/java.util.concurrent.FutureTask.run(FutureTask.java:264)
	at java.base/java.util.concurrent.ThreadPoolExecutor.runWorker(ThreadPoolExecutor.java:1128)
	at java.base/java.util.concurrent.ThreadPoolExecutor$Worker.run(ThreadPoolExecutor.java:628)
	at java.base/java.lang.Thread.run(Thread.java:834)
Caused by: java.sql.SQLSyntaxErrorException: ORA-00933: SQL command not properly ended

	at oracle.jdbc.driver.T4CTTIoer11.processError(T4CTTIoer11.java:702)
	at oracle.jdbc.driver.T4CTTIoer11.processError(T4CTTIoer11.java:608)
	at oracle.jdbc.driver.T4C8Oall.processError(T4C8Oall.java:1248)
	at oracle.jdbc.driver.T4CTTIfun.receive(T4CTTIfun.java:1041)
	at oracle.jdbc.driver.T4CTTIfun.doRPC(T4CTTIfun.java:443)
	at oracle.jdbc.driver.T4C8Oall.doOALL(T4C8Oall.java:518)
	at oracle.jdbc.driver.T4CStatement.doOall8(T4CStatement.java:156)
	at oracle.jdbc.driver.T4CStatement.executeForDescribe(T4CStatement.java:963)
	at oracle.jdbc.driver.OracleStatement.prepareDefineBufferAndExecute(OracleStatement.java:1205)
	at oracle.jdbc.driver.OracleStatement.executeMaybeDescribe(OracleStatement.java:1135)
	at oracle.jdbc.driver.OracleStatement.executeSQLSelect(OracleStatement.java:1472)
	at oracle.jdbc.driver.OracleStatement.doExecuteWithTimeout(OracleStatement.java:1343)
	at oracle.jdbc.driver.OracleStatement.executeQuery(OracleStatement.java:1727)
	at oracle.jdbc.driver.OracleStatementWrapper.executeQuery(OracleStatementWrapper.java:380)
	at queryFunction.sqlFunction.executeQuery(sqlFunction.java:46)
	... 5 more
Caused by: Error : 933, Position : 42, SQL = select ItemId, ItemName  from items  orde by itemid
, Original SQL = select ItemId, ItemName  from items  orde by itemid
, Error Message = ORA-00933: SQL command not properly ended

	at oracle.jdbc.driver.T4CTTIoer11.processError(T4CTTIoer11.java:710)
	... 19 more
2024-01-04 00:45:45,210 - base.TestBase - ERROR - $$$$$$$$$$$$$$$$$$$$$$$$$$$$$$$$$$$$$$$$$$$$$$$$$$$$$$$$$$$$$$$$$$$$$$$$    Test Case 1 : Data Completeness Validation for ITEMS_10L_Record_Validation : FAILED
2024-01-04 00:45:45,218 - base.TestBase - INFO - #########################################################################    Test Case 2 : Data Completeness Validation for ITEMS_CountValidation : STARTED
2024-01-04 00:45:45,221 - base.TestBase - INFO - Reading source SQL query from file
2024-01-04 00:45:45,221 - queryFunction.sqlFunction - INFO - Query read from file: ./SQLFiles/ITEMS_CountValidation/source/source.sql
2024-01-04 00:45:45,869 - queryFunction.sqlFunction - INFO - Query executed successfully: SELECT count(*) FROM items

2024-01-04 00:45:45,869 - base.TestBase - INFO - Reading target SQL query from file
2024-01-04 00:45:45,870 - queryFunction.sqlFunction - INFO - Query read from file: ./SQLFiles/ITEMS_CountValidation/target/target.sql
2024-01-04 00:45:46,138 - queryFunction.sqlFunction - INFO - Query executed successfully: SELECT count(*) FROM items

2024-01-04 00:45:46,138 - base.TestBase - INFO - Finding differing rows
2024-01-04 00:45:46,139 - base.TestBase - INFO - Asserting that the lists are equal
2024-01-04 00:45:46,139 - base.TestBase - INFO - #########################################################################    Test Case 2 : Data Completeness Validation for ITEMS_CountValidation : PASSED
2024-01-04 00:45:46,142 - base.TestBase - INFO - #########################################################################    Test Case 3 : Data Completeness Validation for STUDENT_5L_Record_Validation : STARTED
2024-01-04 00:45:46,144 - base.TestBase - INFO - Reading source SQL query from file
2024-01-04 00:45:46,145 - queryFunction.sqlFunction - INFO - Query read from file: ./SQLFiles/STUDENT_5L_Record_Validation/source/source.sql
2024-01-04 00:45:48,017 - queryFunction.sqlFunction - INFO - Query executed successfully: select * from student order by student_id

2024-01-04 00:45:48,017 - base.TestBase - INFO - Reading target SQL query from file
2024-01-04 00:45:48,018 - queryFunction.sqlFunction - INFO - Query read from file: ./SQLFiles/STUDENT_5L_Record_Validation/target/target.sql
2024-01-04 00:45:51,545 - queryFunction.sqlFunction - INFO - Query executed successfully: select * from student order by student_id

2024-01-04 00:45:51,547 - base.TestBase - INFO - Finding differing rows
2024-01-04 00:45:51,613 - base.TestBase - INFO - Asserting that the lists are equal
2024-01-04 00:45:51,613 - base.TestBase - INFO - #########################################################################    Test Case 3 : Data Completeness Validation for STUDENT_5L_Record_Validation : PASSED
2024-01-04 00:45:51,616 - base.TestBase - INFO - #########################################################################    Test Case 4 : Data Completeness Validation for STUDENT_CountValidation : STARTED
2024-01-04 00:45:51,617 - base.TestBase - INFO - Reading source SQL query from file
2024-01-04 00:45:51,619 - queryFunction.sqlFunction - INFO - Query read from file: ./SQLFiles/STUDENT_CountValidation/source/source.sql
2024-01-04 00:45:51,630 - queryFunction.sqlFunction - INFO - Query executed successfully: SELECT count(*) from student

2024-01-04 00:45:51,631 - base.TestBase - INFO - Reading target SQL query from file
2024-01-04 00:45:51,631 - queryFunction.sqlFunction - INFO - Query read from file: ./SQLFiles/STUDENT_CountValidation/target/target.sql
2024-01-04 00:45:51,733 - queryFunction.sqlFunction - INFO - Query executed successfully: select count(*) from student

2024-01-04 00:45:51,734 - base.TestBase - INFO - Finding differing rows
2024-01-04 00:45:51,734 - base.TestBase - INFO - Asserting that the lists are equal
2024-01-04 00:45:51,735 - base.TestBase - INFO - #########################################################################    Test Case 4 : Data Completeness Validation for STUDENT_CountValidation : PASSED
2024-01-04 00:45:51,739 - base.TestBase - INFO - #########################################################################    Test Case 5 : Data Completeness Validation for STUDENT_SMALL_db_to_file_validation : STARTED
2024-01-04 00:45:51,744 - base.TestBase - INFO - Reading source SQL query from file
2024-01-04 00:45:51,746 - queryFunction.sqlFunction - INFO - Query read from file: ./SQLFiles/STUDENT_SMALL_db_to_file_validation/source/source.sql
2024-01-04 00:45:51,750 - queryFunction.sqlFunction - INFO - Query executed successfully: select * from student_small order by student_id

2024-01-04 00:45:51,751 - base.TestBase - INFO - Reading data from target CSV file
2024-01-04 00:45:51,774 - queryFunction.CSVFileReader - INFO - Reading CSV file: .\SQLFiles\STUDENT_SMALL_db_to_file_validation\target\student_small.csv
2024-01-04 00:45:51,775 - queryFunction.CSVFileReader - INFO - CSV file read successfully. Number of rows: 10
2024-01-04 00:45:51,775 - base.TestBase - INFO - Finding differing rows
2024-01-04 00:45:51,775 - base.TestBase - INFO - Asserting that the lists are equal
2024-01-04 00:45:51,775 - base.TestBase - INFO - #########################################################################    Test Case 5 : Data Completeness Validation for STUDENT_SMALL_db_to_file_validation : PASSED
2024-01-04 00:45:51,777 - base.TestBase - INFO - #########################################################################    Test Case 6 : Data Completeness Validation for STUDENT_SMALL_db_to_JSONfile_validation : STARTED
2024-01-04 00:45:51,779 - base.TestBase - INFO - Reading source SQL query from file
2024-01-04 00:45:51,780 - queryFunction.sqlFunction - INFO - Query read from file: ./SQLFiles/STUDENT_SMALL_db_to_JSONfile_validation/source/source.sql
2024-01-04 00:45:51,782 - queryFunction.sqlFunction - INFO - Query executed successfully: select * from student_small order by student_id

2024-01-04 00:45:51,782 - base.TestBase - INFO - Reading data from target JSON file
2024-01-04 00:45:51,966 - base.TestBase - INFO - Finding differing rows
2024-01-04 00:45:51,967 - base.TestBase - INFO - Asserting that the lists are equal
2024-01-04 00:45:51,967 - base.TestBase - INFO - #########################################################################    Test Case 6 : Data Completeness Validation for STUDENT_SMALL_db_to_JSONfile_validation : PASSED
2024-01-04 00:45:51,969 - base.TestBase - INFO - #########################################################################    Test Case 7 : Data Completeness Validation for STUDENT_SMALL_db_to_XMLfile_validation : STARTED
2024-01-04 00:45:51,971 - base.TestBase - INFO - Reading source SQL query from file
2024-01-04 00:45:51,972 - queryFunction.sqlFunction - INFO - Query read from file: ./SQLFiles/STUDENT_SMALL_db_to_XMLfile_validation/source/source.sql
2024-01-04 00:45:51,975 - queryFunction.sqlFunction - INFO - Query executed successfully: select * from student_small order by student_id

2024-01-04 00:45:51,975 - base.TestBase - INFO - Reading data from target XML file
2024-01-04 00:45:51,983 - base.TestBase - INFO - Finding differing rows
2024-01-04 00:45:51,984 - base.TestBase - INFO - Asserting that the lists are equal
2024-01-04 00:45:51,984 - base.TestBase - INFO - #########################################################################    Test Case 7 : Data Completeness Validation for STUDENT_SMALL_db_to_XMLfile_validation : PASSED
2024-01-04 00:45:51,986 - base.TestBase - INFO - #########################################################################    Test Case 8 : Data Completeness Validation for STUDENT_SMALL_file_to_db_validation : STARTED
2024-01-04 00:45:51,989 - base.TestBase - INFO - Reading data from source CSV file
2024-01-04 00:45:51,989 - queryFunction.CSVFileReader - INFO - Reading CSV file: .\SQLFiles\STUDENT_SMALL_file_to_db_validation\source\student_small.csv
2024-01-04 00:45:51,990 - queryFunction.CSVFileReader - INFO - CSV file read successfully. Number of rows: 10
2024-01-04 00:45:51,990 - base.TestBase - INFO - Reading target SQL query from file
2024-01-04 00:45:51,990 - queryFunction.sqlFunction - INFO - Query read from file: ./SQLFiles/STUDENT_SMALL_file_to_db_validation/target/target.sql
2024-01-04 00:45:51,993 - queryFunction.sqlFunction - INFO - Query executed successfully: select * from student_small order by student_id

2024-01-04 00:45:51,993 - base.TestBase - INFO - Finding differing rows
2024-01-04 00:45:51,993 - base.TestBase - INFO - Asserting that the lists are equal
2024-01-04 00:45:51,993 - base.TestBase - INFO - #########################################################################    Test Case 8 : Data Completeness Validation for STUDENT_SMALL_file_to_db_validation : PASSED
2024-01-04 00:45:51,995 - base.TestBase - INFO - #########################################################################    Test Case 9 : Data Completeness Validation for STUDENT_SMALL_file_to_file_validation : STARTED
2024-01-04 00:45:51,998 - base.TestBase - INFO - Reading data from source CSV file
2024-01-04 00:45:51,998 - queryFunction.CSVFileReader - INFO - Reading CSV file: .\SQLFiles\STUDENT_SMALL_file_to_file_validation\source\student_small.csv
2024-01-04 00:45:51,999 - queryFunction.CSVFileReader - INFO - CSV file read successfully. Number of rows: 10
2024-01-04 00:45:51,999 - base.TestBase - INFO - Reading data from target CSV file
2024-01-04 00:45:52,000 - queryFunction.CSVFileReader - INFO - Reading CSV file: .\SQLFiles\STUDENT_SMALL_file_to_file_validation\target\student_small.csv
2024-01-04 00:45:52,000 - queryFunction.CSVFileReader - INFO - CSV file read successfully. Number of rows: 10
2024-01-04 00:45:52,001 - base.TestBase - INFO - Finding differing rows
2024-01-04 00:45:52,001 - base.TestBase - INFO - Asserting that the lists are equal
2024-01-04 00:45:52,001 - base.TestBase - INFO - #########################################################################    Test Case 9 : Data Completeness Validation for STUDENT_SMALL_file_to_file_validation : PASSED
2024-01-04 00:45:52,003 - base.TestBase - INFO - #########################################################################    Test Case 10 : Data Completeness Validation for STUDENT_SMALL_JSONfile_to_db_validation : STARTED
2024-01-04 00:45:52,005 - base.TestBase - INFO - Reading data from source JSON file
2024-01-04 00:45:52,007 - base.TestBase - INFO - Reading target SQL query from file
2024-01-04 00:45:52,008 - queryFunction.sqlFunction - INFO - Query read from file: ./SQLFiles/STUDENT_SMALL_JSONfile_to_db_validation/target/target.sql
2024-01-04 00:45:52,009 - queryFunction.sqlFunction - INFO - Query executed successfully: select * from student_small order by student_id

2024-01-04 00:45:52,009 - base.TestBase - INFO - Finding differing rows
2024-01-04 00:45:52,009 - base.TestBase - INFO - Asserting that the lists are equal
2024-01-04 00:45:52,010 - base.TestBase - INFO - #########################################################################    Test Case 10 : Data Completeness Validation for STUDENT_SMALL_JSONfile_to_db_validation : PASSED
2024-01-04 00:45:52,011 - base.TestBase - INFO - #########################################################################    Test Case 11 : Data Completeness Validation for STUDENT_SMALL_JSONfile_to_JSONfile_validation : STARTED
2024-01-04 00:45:52,013 - base.TestBase - INFO - Reading data from source JSON file
2024-01-04 00:45:52,014 - base.TestBase - INFO - Reading data from target JSON file
2024-01-04 00:45:52,016 - base.TestBase - INFO - Finding differing rows
2024-01-04 00:45:52,016 - base.TestBase - INFO - Asserting that the lists are equal
2024-01-04 00:45:52,016 - base.TestBase - INFO - #########################################################################    Test Case 11 : Data Completeness Validation for STUDENT_SMALL_JSONfile_to_JSONfile_validation : PASSED
2024-01-04 00:45:52,017 - base.TestBase - INFO - #########################################################################    Test Case 12 : Data Completeness Validation for STUDENT_SMALL_XMLfile_to_db_validation : STARTED
2024-01-04 00:45:52,019 - base.TestBase - INFO - Reading data from source XML file
2024-01-04 00:45:52,022 - base.TestBase - INFO - Reading target SQL query from file
2024-01-04 00:45:52,022 - queryFunction.sqlFunction - INFO - Query read from file: ./SQLFiles/STUDENT_SMALL_XMLfile_to_db_validation/target/target.sql
2024-01-04 00:45:52,023 - queryFunction.sqlFunction - INFO - Query executed successfully: select * from student_small order by student_id

2024-01-04 00:45:52,023 - base.TestBase - INFO - Finding differing rows
2024-01-04 00:45:52,023 - base.TestBase - INFO - Asserting that the lists are equal
2024-01-04 00:45:52,024 - base.TestBase - INFO - #########################################################################    Test Case 12 : Data Completeness Validation for STUDENT_SMALL_XMLfile_to_db_validation : PASSED
2024-01-04 00:45:52,025 - base.TestBase - INFO - #########################################################################    Test Case 13 : Data Completeness Validation for STUDENT_SMALL_XMLfile_to_XMLfile_validation : STARTED
2024-01-04 00:45:52,027 - base.TestBase - INFO - Reading data from source XML file
2024-01-04 00:45:52,029 - base.TestBase - INFO - Reading data from target XML file
2024-01-04 00:45:52,031 - base.TestBase - INFO - Finding differing rows
2024-01-04 00:45:52,031 - base.TestBase - INFO - Asserting that the lists are equal
2024-01-04 00:45:52,031 - base.TestBase - INFO - #########################################################################    Test Case 13 : Data Completeness Validation for STUDENT_SMALL_XMLfile_to_XMLfile_validation : PASSED
2024-01-04 00:45:52,033 - base.TestBase - INFO - #########################################################################    Test Case 14 : Data Completeness Validation for T_DEPT_CountValidation : STARTED
2024-01-04 00:45:52,034 - base.TestBase - INFO - Reading source SQL query from file
2024-01-04 00:45:52,035 - queryFunction.sqlFunction - INFO - Query read from file: ./SQLFiles/T_DEPT_CountValidation/source/source.sql
2024-01-04 00:45:52,038 - queryFunction.sqlFunction - INFO - Query executed successfully: SELECT count(*) from dept

2024-01-04 00:45:52,038 - base.TestBase - INFO - Reading target SQL query from file
2024-01-04 00:45:52,039 - queryFunction.sqlFunction - INFO - Query read from file: ./SQLFiles/T_DEPT_CountValidation/target/target.sql
2024-01-04 00:45:52,045 - queryFunction.sqlFunction - INFO - Query executed successfully: select count(*) from t_dept

2024-01-04 00:45:52,045 - base.TestBase - INFO - Finding differing rows
2024-01-04 00:45:52,045 - base.TestBase - INFO - Asserting that the lists are equal
2024-01-04 00:45:52,045 - base.TestBase - INFO - #########################################################################    Test Case 14 : Data Completeness Validation for T_DEPT_CountValidation : PASSED
2024-01-04 00:45:52,047 - base.TestBase - INFO - #########################################################################    Test Case 15 : Data Completeness Validation for T_DEPT_DataCompletenessValidation : STARTED
2024-01-04 00:45:52,050 - base.TestBase - INFO - Reading source SQL query from file
2024-01-04 00:45:52,051 - queryFunction.sqlFunction - INFO - Query read from file: ./SQLFiles/T_DEPT_DataCompletenessValidation/source/source.sql
2024-01-04 00:45:52,053 - queryFunction.sqlFunction - INFO - Query executed successfully: SELECT * from dept order by deptno

2024-01-04 00:45:52,053 - base.TestBase - INFO - Reading target SQL query from file
2024-01-04 00:45:52,053 - queryFunction.sqlFunction - INFO - Query read from file: ./SQLFiles/T_DEPT_DataCompletenessValidation/target/target.sql
2024-01-04 00:45:52,055 - queryFunction.sqlFunction - INFO - Query executed successfully: SELECT deptno,dname,loc from t_dept order by t_dept_id

2024-01-04 00:45:52,055 - base.TestBase - INFO - Finding differing rows
2024-01-04 00:45:52,055 - base.TestBase - INFO - Asserting that the lists are equal
2024-01-04 00:45:52,056 - base.TestBase - INFO - #########################################################################    Test Case 15 : Data Completeness Validation for T_DEPT_DataCompletenessValidation : PASSED
2024-01-04 00:45:52,058 - base.TestBase - INFO - #########################################################################    Test Case 16 : Data Completeness Validation for T_EMP_CountValidation : STARTED
2024-01-04 00:45:52,060 - base.TestBase - INFO - Reading source SQL query from file
2024-01-04 00:45:52,061 - queryFunction.sqlFunction - INFO - Query read from file: ./SQLFiles/T_EMP_CountValidation/source/source.sql
2024-01-04 00:45:52,064 - queryFunction.sqlFunction - INFO - Query executed successfully: SELECT count(*) FROM s_emp e1 
INNER JOIN s_dept d1 ON e1.deptno = d1.deptno
INNER JOIN s_emp e2 on e2.empno=e1.mgr

2024-01-04 00:45:52,064 - base.TestBase - INFO - Reading target SQL query from file
2024-01-04 00:45:52,065 - queryFunction.sqlFunction - INFO - Query read from file: ./SQLFiles/T_EMP_CountValidation/target/target.sql
2024-01-04 00:45:52,068 - queryFunction.sqlFunction - INFO - Query executed successfully: select count(*) from t_emp

2024-01-04 00:45:52,069 - base.TestBase - INFO - Finding differing rows
2024-01-04 00:45:52,069 - base.TestBase - INFO - Asserting that the lists are equal
2024-01-04 00:45:52,069 - base.TestBase - INFO - #########################################################################    Test Case 16 : Data Completeness Validation for T_EMP_CountValidation : PASSED
2024-01-04 00:45:52,071 - base.TestBase - INFO - #########################################################################    Test Case 17 : Data Completeness Validation for T_EMP_DataCompletenessValidation : STARTED
2024-01-04 00:45:52,073 - base.TestBase - INFO - Reading source SQL query from file
2024-01-04 00:45:52,074 - queryFunction.sqlFunction - INFO - Query read from file: ./SQLFiles/T_EMP_DataCompletenessValidation/source/source.sql
2024-01-04 00:45:52,078 - queryFunction.sqlFunction - INFO - Query executed successfully: SELECT 
    e1.EMPNO AS EMP_ID,
    INITCAP(e1.ename) AS EMP_NAME,
    d1.dname AS DEPT_NAME,
    INITCAP(e2.ename) AS MANAGER_NAME,
    e1.job AS JOB_TYPE,
    INITCAP(d1.loc) AS LOCATION,
    TO_CHAR(e1.hiredate,'yyyy-mm-dd') as HIRE_DATE,
    ROUND(MONTHS_BETWEEN(SYSDATE, e1.hiredate) / 12) AS TOTAL_EXP_IN_COMPANY,
    e1.sal AS SALARY,
    NVL(e1.comm, 0) AS COMMISSION,
    e1.sal + NVL(e1.comm, 0) AS TOTAL_SALARY,
    CASE 
        WHEN e1.sal + NVL(e1.comm, 0) < 2000 THEN 'LOW' 
        WHEN e1.sal + NVL(e1.comm, 0) BETWEEN 2000 AND 3000 THEN 'MID' 
        ELSE 'HIGH' 
    END AS SALARY_GRADE
FROM s_emp e1 
INNER JOIN s_dept d1 ON e1.deptno = d1.deptno
INNER JOIN s_emp e2 on e2.empno=e1.mgr
order by EMP_ID

2024-01-04 00:45:52,078 - base.TestBase - INFO - Reading target SQL query from file
2024-01-04 00:45:52,079 - queryFunction.sqlFunction - INFO - Query read from file: ./SQLFiles/T_EMP_DataCompletenessValidation/target/target.sql
2024-01-04 00:45:52,081 - queryFunction.sqlFunction - INFO - Query executed successfully: select 
EMP_ID,
EMP_NAME,
DEPT_NAME,
MANAGER_NAME,
JOB_TYPE,
LOCATION,
HIRE_DATE,
TOTAL_EXP_IN_COMPANY,
SALARY,
COMMISSION,
TOTAL_SALARY,
SALARY_GRADE
from t_emp
order by EMP_ID

2024-01-04 00:45:52,082 - base.TestBase - INFO - Finding differing rows
2024-01-04 00:45:52,082 - base.TestBase - ERROR - $$$$$$$$$$$$$$$$$$$$$$$$$$$$$$$$$$$$$$$$$$$$$$$$$$$$$$$$$$$$$$$$$$$$$$$$    Test Case 17 : Data Completeness Validation for T_EMP_DataCompletenessValidation : FAILED
2024-01-04 00:45:52,085 - base.TestBase - ERROR - Test failed: java.lang.AssertionError: Details of Differences:
Row 1:
   Column 2: List1 = EMP_NAME: Sunil, List2 = EMP_NAME: Smith
 expected [true] but found [false]
java.util.concurrent.ExecutionException: java.lang.AssertionError: Details of Differences:
Row 1:
   Column 2: List1 = EMP_NAME: Sunil, List2 = EMP_NAME: Smith
 expected [true] but found [false]
	at java.base/java.util.concurrent.FutureTask.report(FutureTask.java:122)
	at java.base/java.util.concurrent.FutureTask.get(FutureTask.java:191)
	at testCases.DataCompletenessValidation.dataCompleteness(DataCompletenessValidation.java:138)
	at jdk.internal.reflect.GeneratedMethodAccessor6.invoke(Unknown Source)
	at java.base/jdk.internal.reflect.DelegatingMethodAccessorImpl.invoke(DelegatingMethodAccessorImpl.java:43)
	at java.base/java.lang.reflect.Method.invoke(Method.java:566)
	at org.testng.internal.MethodInvocationHelper.invokeMethod(MethodInvocationHelper.java:133)
	at org.testng.internal.TestInvoker.invokeMethod(TestInvoker.java:598)
	at org.testng.internal.TestInvoker.invokeTestMethod(TestInvoker.java:173)
	at org.testng.internal.MethodRunner.runInSequence(MethodRunner.java:46)
	at org.testng.internal.TestInvoker$MethodInvocationAgent.invoke(TestInvoker.java:824)
	at org.testng.internal.TestInvoker.invokeTestMethods(TestInvoker.java:146)
	at org.testng.internal.TestMethodWorker.invokeTestMethods(TestMethodWorker.java:146)
	at org.testng.internal.TestMethodWorker.run(TestMethodWorker.java:128)
	at java.base/java.util.ArrayList.forEach(ArrayList.java:1541)
	at org.testng.TestRunner.privateRun(TestRunner.java:794)
	at org.testng.TestRunner.run(TestRunner.java:596)
	at org.testng.SuiteRunner.runTest(SuiteRunner.java:377)
	at org.testng.SuiteRunner.runSequentially(SuiteRunner.java:371)
	at org.testng.SuiteRunner.privateRun(SuiteRunner.java:332)
	at org.testng.SuiteRunner.run(SuiteRunner.java:276)
	at org.testng.SuiteRunnerWorker.runSuite(SuiteRunnerWorker.java:53)
	at org.testng.SuiteRunnerWorker.run(SuiteRunnerWorker.java:96)
	at org.testng.TestNG.runSuitesSequentially(TestNG.java:1212)
	at org.testng.TestNG.runSuitesLocally(TestNG.java:1134)
	at org.testng.TestNG.runSuites(TestNG.java:1063)
	at org.testng.TestNG.run(TestNG.java:1031)
	at org.testng.remote.AbstractRemoteTestNG.run(AbstractRemoteTestNG.java:115)
	at org.testng.remote.RemoteTestNG.initAndRun(RemoteTestNG.java:251)
	at org.testng.remote.RemoteTestNG.main(RemoteTestNG.java:77)
Caused by: java.lang.AssertionError: Details of Differences:
Row 1:
   Column 2: List1 = EMP_NAME: Sunil, List2 = EMP_NAME: Smith
 expected [true] but found [false]
	at org.testng.Assert.fail(Assert.java:99)
	at org.testng.Assert.failNotEquals(Assert.java:1037)
	at org.testng.Assert.assertTrue(Assert.java:45)
	at testCases.DataCompletenessValidation.lambda$0(DataCompletenessValidation.java:126)
	at java.base/java.util.concurrent.FutureTask.run(FutureTask.java:264)
	at java.base/java.util.concurrent.ThreadPoolExecutor.runWorker(ThreadPoolExecutor.java:1128)
	at java.base/java.util.concurrent.ThreadPoolExecutor$Worker.run(ThreadPoolExecutor.java:628)
	at java.base/java.lang.Thread.run(Thread.java:834)
2024-01-04 00:45:52,086 - base.TestBase - ERROR - $$$$$$$$$$$$$$$$$$$$$$$$$$$$$$$$$$$$$$$$$$$$$$$$$$$$$$$$$$$$$$$$$$$$$$$$    Test Case 17 : Data Completeness Validation for T_EMP_DataCompletenessValidation : FAILED
2024-01-04 00:45:52,088 - base.TestBase - INFO - #########################################################################    Test Case 18 : Data Completeness Validation for T_EMP_DuplicateValidation : STARTED
2024-01-04 00:45:52,090 - base.TestBase - INFO - Reading source SQL query from file
2024-01-04 00:45:52,091 - queryFunction.sqlFunction - INFO - Query read from file: ./SQLFiles/T_EMP_DuplicateValidation/source/source.sql
2024-01-04 00:45:52,092 - queryFunction.sqlFunction - INFO - Query executed successfully: select 0 as No_Of_Duplicate_Rows from dual

2024-01-04 00:45:52,092 - base.TestBase - INFO - Reading target SQL query from file
2024-01-04 00:45:52,093 - queryFunction.sqlFunction - INFO - Query read from file: ./SQLFiles/T_EMP_DuplicateValidation/target/target.sql
2024-01-04 00:45:52,095 - queryFunction.sqlFunction - INFO - Query executed successfully: select dup.No_Of_Duplicate_Rows from(
select 
EMP_ID,
EMP_NAME,
DEPT_NAME,
MANAGER_NAME,
JOB_TYPE,
LOCATION,
HIRE_DATE,
TOTAL_EXP_IN_COMPANY,
SALARY,
COMMISSION,
TOTAL_SALARY,
SALARY_GRADE,
COUNT(*) as No_Of_Duplicate_Rows
from T_EMP
group by
EMP_ID,
EMP_NAME,
DEPT_NAME,
MANAGER_NAME,
JOB_TYPE,
LOCATION,
HIRE_DATE,
TOTAL_EXP_IN_COMPANY,
SALARY,
COMMISSION,
TOTAL_SALARY,
SALARY_GRADE
having COUNT(*) >1) dup

2024-01-04 00:45:52,095 - base.TestBase - INFO - Finding differing rows
2024-01-04 00:45:52,095 - base.TestBase - INFO - Asserting that the lists are equal
2024-01-04 00:45:52,096 - base.TestBase - INFO - #########################################################################    Test Case 18 : Data Completeness Validation for T_EMP_DuplicateValidation : PASSED
2024-01-04 00:45:52,097 - base.TestBase - INFO - #########################################################################    Test Case 19 : Data Completeness Validation for T_EMP_PrimaryKey_Validation : STARTED
2024-01-04 00:45:52,100 - base.TestBase - INFO - Reading source SQL query from file
2024-01-04 00:45:52,100 - queryFunction.sqlFunction - INFO - Query read from file: ./SQLFiles/T_EMP_PrimaryKey_Validation/source/source.sql
2024-01-04 00:45:52,102 - queryFunction.sqlFunction - INFO - Query executed successfully: select 0 as Null_and_Duplicates from dual

2024-01-04 00:45:52,102 - base.TestBase - INFO - Reading target SQL query from file
2024-01-04 00:45:52,103 - queryFunction.sqlFunction - INFO - Query read from file: ./SQLFiles/T_EMP_PrimaryKey_Validation/target/target.sql
2024-01-04 00:45:52,104 - queryFunction.sqlFunction - INFO - Query executed successfully: select count(*) as Null_and_Duplicates from T_emp where EMP_ID is null
union
select e.cnt from(
select emp_id, count(*) cnt from t_emp group by emp_id having cnt>1)e

2024-01-04 00:45:52,105 - base.TestBase - INFO - Finding differing rows
2024-01-04 00:45:52,105 - base.TestBase - INFO - Asserting that the lists are equal
2024-01-04 00:45:52,105 - base.TestBase - INFO - #########################################################################    Test Case 19 : Data Completeness Validation for T_EMP_PrimaryKey_Validation : PASSED
2024-01-04 00:45:52,106 - base.TestBase - INFO - #########################################################################    Test Case 20 : Data Completeness Validation for T_EMP_SurrogateKey_Validation : STARTED
2024-01-04 00:45:52,107 - base.TestBase - INFO - Reading source SQL query from file
2024-01-04 00:45:52,108 - queryFunction.sqlFunction - INFO - Query read from file: ./SQLFiles/T_EMP_SurrogateKey_Validation/source/source.sql
2024-01-04 00:45:52,109 - queryFunction.sqlFunction - INFO - Query executed successfully: select 0 as Null_and_Duplicates from dual

2024-01-04 00:45:52,109 - base.TestBase - INFO - Reading target SQL query from file
2024-01-04 00:45:52,110 - queryFunction.sqlFunction - INFO - Query read from file: ./SQLFiles/T_EMP_SurrogateKey_Validation/target/target.sql
2024-01-04 00:45:52,111 - queryFunction.sqlFunction - INFO - Query executed successfully: select count(*) as Null_and_Duplicates from T_emp where T_EMP_ID is null
union
select e.cnt from(
select t_emp_id, count(*) cnt from t_emp group by t_emp_id having cnt>1)e

2024-01-04 00:45:52,111 - base.TestBase - INFO - Finding differing rows
2024-01-04 00:45:52,112 - base.TestBase - INFO - Asserting that the lists are equal
2024-01-04 00:45:52,113 - base.TestBase - INFO - #########################################################################    Test Case 20 : Data Completeness Validation for T_EMP_SurrogateKey_Validation : PASSED
2024-01-04 00:45:52,114 - base.TestBase - INFO - Teardown started..............
2024-01-04 00:45:52,117 - queryFunction.DatabaseConn - INFO - Database Connection Closed
2024-01-04 00:45:52,117 - base.TestBase - INFO - Source database connection closed successfully.
2024-01-04 00:45:52,120 - queryFunction.DatabaseConn - INFO - Database Connection Closed
2024-01-04 00:45:52,120 - base.TestBase - INFO - Target database connection closed successfully.
2024-01-04 00:45:52,121 - base.TestBase - INFO - Thread pool shut down successfully.
2024-01-04 00:45:52,122 - base.TestBase - INFO - ****************************************************    Teardown Completed     ********************************************
2024-01-04 00:45:52,123 - base.TestBase - INFO - BeforeClass setUp() execution started............
2024-01-04 00:45:52,130 - util.Log4jConfigurator - INFO - Log4j configuration loaded successfully.
2024-01-04 00:45:52,131 - base.TestBase - INFO - Log4j configured successfully.
2024-01-04 00:45:52,131 - base.TestBase - INFO - Properties file loaded successfully.
2024-01-04 00:45:52,131 - base.TestBase - INFO - Thread Pool created
2024-01-04 00:45:52,131 - base.TestBase - INFO - Target Database selected : mysql
2024-01-04 00:45:52,131 - base.TestBase - INFO - Auto Generated Metadata option selected as : yes
2024-01-04 00:45:52,132 - queryFunction.MetadataExcelGenerator - INFO - Starting metadata Excel generation...
2024-01-04 00:45:52,132 - queryFunction.MetadataExcelGenerator - INFO - Existing Metadata Excel deleted: ./TableMetadata/metadata_excel.xlsx
2024-01-04 00:45:52,225 - queryFunction.MetadataExcelGenerator - INFO - Metadata Excel auto-generated successfully at: ./TableMetadata/metadata_excel.xlsx
2024-01-04 00:45:52,226 - base.TestBase - INFO - Metadata Excel Generation Completed....
2024-01-04 00:45:52,257 - queryFunction.DatabaseConn - INFO - Database is Connected
2024-01-04 00:45:52,258 - base.TestBase - INFO - Target database connection established successfully.
2024-01-04 00:45:52,258 - base.TestBase - INFO - ********************************    Target Set up completed     *********************************
2024-01-04 00:45:52,258 - base.TestBase - INFO - Source Database selected : oracle
2024-01-04 00:45:52,317 - queryFunction.DatabaseConn - INFO - Database is Connected
2024-01-04 00:45:52,317 - base.TestBase - INFO - Source database connection established successfully.
2024-01-04 00:45:52,317 - base.TestBase - INFO - ********************************    Source Set up completed    *********************************
2024-01-04 00:45:52,339 - base.TestBase - INFO - Workbook loaded successfully.
2024-01-04 00:45:52,341 - base.TestBase - INFO - #########################################################################    Test Case 21 Table Metadata Validation for T_EMP : STARTED
2024-01-04 00:45:52,341 - base.TestBase - INFO - Processing Table: T_EMP
2024-01-04 00:45:52,344 - base.TestBase - INFO - Sorted Metadata from Mapping Sheet:[{COLUMN_NAME=COMMISSION, DATA_TYPE=int}, {COLUMN_NAME=DEPT_NAME, DATA_TYPE=varchar(20)}, {COLUMN_NAME=EMP_ID345, DATA_TYPE=int}, {COLUMN_NAME=EMP_NAME, DATA_TYPE=varchar(50)}, {COLUMN_NAME=HIRE_DATE, DATA_TYPE=date}, {COLUMN_NAME=JOB_TYPE, DATA_TYPE=varchar(20)}, {COLUMN_NAME=LOCATION, DATA_TYPE=varchar(30)}, {COLUMN_NAME=MANAGER_NAME, DATA_TYPE=varchar(50)}, {COLUMN_NAME=SALARY, DATA_TYPE=int}, {COLUMN_NAME=SALARY_GRADE, DATA_TYPE=varchar(10)}, {COLUMN_NAME=T_EMP_ID1212, DATA_TYPE=int}, {COLUMN_NAME=TOTAL_EXP_IN_COMPANY, DATA_TYPE=int}, {COLUMN_NAME=TOTAL_SALARY, DATA_TYPE=int}]
2024-01-04 00:45:52,365 - queryFunction.MySqlMetadataRetrieval - INFO - Metadata retrieval from MySQL table completed for table: T_EMP
2024-01-04 00:45:52,366 - queryFunction.MySqlMetadataRetrieval - INFO - Metadata from MySQL Table:[{COLUMN_NAME=COMMISSION, DATA_TYPE=int}, {COLUMN_NAME=DEPT_NAME, DATA_TYPE=varchar(20)}, {COLUMN_NAME=EMP_ID, DATA_TYPE=int}, {COLUMN_NAME=EMP_NAME, DATA_TYPE=varchar(50)}, {COLUMN_NAME=HIRE_DATE, DATA_TYPE=date}, {COLUMN_NAME=JOB_TYPE, DATA_TYPE=varchar(20)}, {COLUMN_NAME=LOCATION, DATA_TYPE=varchar(30)}, {COLUMN_NAME=MANAGER_NAME, DATA_TYPE=varchar(50)}, {COLUMN_NAME=SALARY, DATA_TYPE=int}, {COLUMN_NAME=SALARY_GRADE, DATA_TYPE=varchar(10)}, {COLUMN_NAME=T_EMP_ID, DATA_TYPE=int}, {COLUMN_NAME=TOTAL_EXP_IN_COMPANY, DATA_TYPE=int}, {COLUMN_NAME=TOTAL_SALARY, DATA_TYPE=int}]
2024-01-04 00:45:52,366 - base.TestBase - INFO - Metadata Mismatch for Table: T_EMP
2024-01-04 00:45:52,366 - base.TestBase - INFO - Source Column: {COLUMN_NAME=EMP_ID345, DATA_TYPE=int}
2024-01-04 00:45:52,367 - base.TestBase - INFO - Target Column: {COLUMN_NAME=EMP_ID, DATA_TYPE=int}
2024-01-04 00:45:52,367 - base.TestBase - ERROR - $$$$$$$$$$$$$$$$$$$$$$$$$$$$$$$$$$$$$$$$$$$$$$$$$$$$$$$$$$$$$$$$$$$$$$$$    Test Case 21 : Table Metadata Validation for T_EMP : FAILED
2024-01-04 00:45:52,367 - base.TestBase - ERROR - Test failed: [{COLUMN_NAME=EMP_ID345, TARGET_COLUMN_NAME=EMP_ID}, {COLUMN_NAME=T_EMP_ID1212, TARGET_COLUMN_NAME=T_EMP_ID}] expected [true] but found [false]
java.lang.AssertionError: [{COLUMN_NAME=EMP_ID345, TARGET_COLUMN_NAME=EMP_ID}, {COLUMN_NAME=T_EMP_ID1212, TARGET_COLUMN_NAME=T_EMP_ID}] expected [true] but found [false]
	at org.testng.Assert.fail(Assert.java:99)
	at org.testng.Assert.failNotEquals(Assert.java:1037)
	at org.testng.Assert.assertTrue(Assert.java:45)
	at testCases.TableMetadataValidation.tableMetadataValidation(TableMetadataValidation.java:58)
	at java.base/jdk.internal.reflect.NativeMethodAccessorImpl.invoke0(Native Method)
	at java.base/jdk.internal.reflect.NativeMethodAccessorImpl.invoke(NativeMethodAccessorImpl.java:62)
	at java.base/jdk.internal.reflect.DelegatingMethodAccessorImpl.invoke(DelegatingMethodAccessorImpl.java:43)
	at java.base/java.lang.reflect.Method.invoke(Method.java:566)
	at org.testng.internal.MethodInvocationHelper.invokeMethod(MethodInvocationHelper.java:133)
	at org.testng.internal.TestInvoker.invokeMethod(TestInvoker.java:598)
	at org.testng.internal.TestInvoker.invokeTestMethod(TestInvoker.java:173)
	at org.testng.internal.MethodRunner.runInSequence(MethodRunner.java:46)
	at org.testng.internal.TestInvoker$MethodInvocationAgent.invoke(TestInvoker.java:824)
	at org.testng.internal.TestInvoker.invokeTestMethods(TestInvoker.java:146)
	at org.testng.internal.TestMethodWorker.invokeTestMethods(TestMethodWorker.java:146)
	at org.testng.internal.TestMethodWorker.run(TestMethodWorker.java:128)
	at java.base/java.util.ArrayList.forEach(ArrayList.java:1541)
	at org.testng.TestRunner.privateRun(TestRunner.java:794)
	at org.testng.TestRunner.run(TestRunner.java:596)
	at org.testng.SuiteRunner.runTest(SuiteRunner.java:377)
	at org.testng.SuiteRunner.runSequentially(SuiteRunner.java:371)
	at org.testng.SuiteRunner.privateRun(SuiteRunner.java:332)
	at org.testng.SuiteRunner.run(SuiteRunner.java:276)
	at org.testng.SuiteRunnerWorker.runSuite(SuiteRunnerWorker.java:53)
	at org.testng.SuiteRunnerWorker.run(SuiteRunnerWorker.java:96)
	at org.testng.TestNG.runSuitesSequentially(TestNG.java:1212)
	at org.testng.TestNG.runSuitesLocally(TestNG.java:1134)
	at org.testng.TestNG.runSuites(TestNG.java:1063)
	at org.testng.TestNG.run(TestNG.java:1031)
	at org.testng.remote.AbstractRemoteTestNG.run(AbstractRemoteTestNG.java:115)
	at org.testng.remote.RemoteTestNG.initAndRun(RemoteTestNG.java:251)
	at org.testng.remote.RemoteTestNG.main(RemoteTestNG.java:77)
2024-01-04 00:45:52,369 - base.TestBase - INFO - #########################################################################    Test Case 22 Table Metadata Validation for T_DEPT : STARTED
2024-01-04 00:45:52,370 - base.TestBase - INFO - Processing Table: T_DEPT
2024-01-04 00:45:52,370 - base.TestBase - INFO - Sorted Metadata from Mapping Sheet:[{COLUMN_NAME=DEPTNO, DATA_TYPE=int}, {COLUMN_NAME=DNAME, DATA_TYPE=varchar(14)}, {COLUMN_NAME=LOC, DATA_TYPE=varchar(13)}, {COLUMN_NAME=T_DEPT_ID, DATA_TYPE=int}]
2024-01-04 00:45:52,374 - queryFunction.MySqlMetadataRetrieval - INFO - Metadata retrieval from MySQL table completed for table: T_DEPT
2024-01-04 00:45:52,374 - queryFunction.MySqlMetadataRetrieval - INFO - Metadata from MySQL Table:[{COLUMN_NAME=DEPTNO, DATA_TYPE=int}, {COLUMN_NAME=DNAME, DATA_TYPE=varchar(14)}, {COLUMN_NAME=LOC, DATA_TYPE=varchar(13)}, {COLUMN_NAME=T_DEPT_ID, DATA_TYPE=int}]
2024-01-04 00:45:52,374 - base.TestBase - INFO - Metadata Match for Table: T_DEPT
2024-01-04 00:45:52,374 - base.TestBase - INFO - #########################################################################    Test Case 22 Table Metadata Validation for T_DEPT : PASSED
2024-01-04 00:45:52,375 - base.TestBase - INFO - Teardown started..............
2024-01-04 00:45:52,388 - base.TestBase - INFO - Workbook closed successfully.
2024-01-04 00:45:52,390 - queryFunction.DatabaseConn - INFO - Database Connection Closed
2024-01-04 00:45:52,390 - base.TestBase - INFO - Source database connection closed successfully.
2024-01-04 00:45:52,390 - queryFunction.DatabaseConn - INFO - Database Connection Closed
2024-01-04 00:45:52,391 - base.TestBase - INFO - Target database connection closed successfully.
2024-01-04 00:45:52,391 - base.TestBase - INFO - Thread pool shut down successfully.
2024-01-04 00:45:52,391 - base.TestBase - INFO - ****************************************************    Teardown Completed     ********************************************
2024-01-04 00:45:52,718 - util.Banner - INFO - *****     *****    ****    *   *    *      *****  
2024-01-04 00:45:52,718 - util.Banner - INFO - *   *     *        *       *   *    *        *    
2024-01-04 00:45:52,718 - util.Banner - INFO - *****     ****     ****    *   *    *        *    
2024-01-04 00:45:52,718 - util.Banner - INFO - *  **     *           *    *   *    *        *    
2024-01-04 00:45:52,720 - util.Banner - INFO - *   **    *****    ****     ***     *****    *    
2024-01-04 00:45:52,720 - base.TestBase - INFO - Test Case 1 ITEMS_10L_Record_Validation: FAILED
2024-01-04 00:45:52,720 - base.TestBase - INFO - Test Case 2 ITEMS_CountValidation: PASSED
2024-01-04 00:45:52,720 - base.TestBase - INFO - Test Case 3 STUDENT_5L_Record_Validation: PASSED
2024-01-04 00:45:52,720 - base.TestBase - INFO - Test Case 4 STUDENT_CountValidation: PASSED
2024-01-04 00:45:52,720 - base.TestBase - INFO - Test Case 5 STUDENT_SMALL_db_to_file_validation: PASSED
2024-01-04 00:45:52,720 - base.TestBase - INFO - Test Case 6 STUDENT_SMALL_db_to_JSONfile_validation: PASSED
2024-01-04 00:45:52,720 - base.TestBase - INFO - Test Case 7 STUDENT_SMALL_db_to_XMLfile_validation: PASSED
2024-01-04 00:45:52,720 - base.TestBase - INFO - Test Case 8 STUDENT_SMALL_file_to_db_validation: PASSED
2024-01-04 00:45:52,720 - base.TestBase - INFO - Test Case 9 STUDENT_SMALL_file_to_file_validation: PASSED
2024-01-04 00:45:52,720 - base.TestBase - INFO - Test Case 10 STUDENT_SMALL_JSONfile_to_db_validation: PASSED
2024-01-04 00:45:52,720 - base.TestBase - INFO - Test Case 11 STUDENT_SMALL_JSONfile_to_JSONfile_validation: PASSED
2024-01-04 00:45:52,721 - base.TestBase - INFO - Test Case 12 STUDENT_SMALL_XMLfile_to_db_validation: PASSED
2024-01-04 00:45:52,721 - base.TestBase - INFO - Test Case 13 STUDENT_SMALL_XMLfile_to_XMLfile_validation: PASSED
2024-01-04 00:45:52,721 - base.TestBase - INFO - Test Case 14 T_DEPT_CountValidation: PASSED
2024-01-04 00:45:52,721 - base.TestBase - INFO - Test Case 15 T_DEPT_DataCompletenessValidation: PASSED
2024-01-04 00:45:52,721 - base.TestBase - INFO - Test Case 16 T_EMP_CountValidation: PASSED
2024-01-04 00:45:52,721 - base.TestBase - INFO - Test Case 17 T_EMP_DataCompletenessValidation: FAILED
2024-01-04 00:45:52,721 - base.TestBase - INFO - Test Case 18 T_EMP_DuplicateValidation: PASSED
2024-01-04 00:45:52,721 - base.TestBase - INFO - Test Case 19 T_EMP_PrimaryKey_Validation: PASSED
2024-01-04 00:45:52,721 - base.TestBase - INFO - Test Case 20 T_EMP_SurrogateKey_Validation: PASSED
2024-01-04 00:45:52,721 - base.TestBase - INFO - Test Case 21 Table Metadata Validation for T_EMP: FAILED
2024-01-04 00:45:52,721 - base.TestBase - INFO - Test Case 22 Table Metadata Validation for T_DEPT: PASSED
