<!DOCTYPE html PUBLIC "-//W3C//DTD XHTML 1.1//EN" "https://www.w3.org/TR/xhtml11/DTD/xhtml11.dtd">
<html xmlns="https://www.w3.org/1999/xhtml">
<head>
<meta http-equiv="content-type" content="text/html; charset=UTF-8"/>
<title>TestNG Report</title>
<style type="text/css">table {margin-bottom:10px;border-collapse:collapse;empty-cells:show}th,td {border:1px solid #009;padding:.25em .5em}th {vertical-align:bottom}td {vertical-align:top}table a {font-weight:bold}.stripe td {background-color: #E6EBF9}.num {text-align:right}.passedodd td {background-color: #3F3}.passedeven td {background-color: #0A0}.skippedodd td {background-color: #DDD}.skippedeven td {background-color: #CCC}.failedodd td,.attn {background-color: #F33}.failedeven td,.stripe .attn {background-color: #D00}.stacktrace {white-space:pre;font-family:monospace}.totop {font-size:85%;text-align:center;border-bottom:2px solid #000}.invisible {display:none}</style>
</head>
<body>
<table>
<tr><th>Test</th><th># Passed</th><th># Skipped</th><th># Retried</th><th># Failed</th><th>Time (ms)</th><th>Included Groups</th><th>Excluded Groups</th></tr>
<tr><th colspan="8">Suite</th></tr>
<tr><td><a href="#t0">Test</a></td><td class="num">19</td><td class="num">0</td><td class="num">0</td><td class="num attn">3</td><td class="num">8,274</td><td></td><td></td></tr>
</table>
<table id='summary'><thead><tr><th>Class</th><th>Method</th><th>Start</th><th>Time (ms)</th></tr></thead><tbody><tr><th colspan="4">Suite</th></tr></tbody><tbody id="t0"><tr><th colspan="4">Test &#8212; failed</th></tr><tr class="failedeven"><td rowspan="2">testCases.DataCompletenessValidation</td><td><a href="#m0">dataCompleteness</a></td><td rowspan="2">1705042239375</td><td rowspan="2">124</td></tr><tr class="failedeven"><td><a href="#m1">dataCompleteness</a></td></tr><tr class="failedodd"><td rowspan="1">testCases.TableMetadataValidation</td><td><a href="#m2">tableMetadataValidation</a></td><td rowspan="1">1705042245341</td><td rowspan="1">14</td></tr><tr><th colspan="4">Test &#8212; passed</th></tr><tr class="passedeven"><td rowspan="18">testCases.DataCompletenessValidation</td><td><a href="#m3">dataCompleteness</a></td><td rowspan="18">1705042245110</td><td rowspan="18">5</td></tr><tr class="passedeven"><td><a href="#m4">dataCompleteness</a></td></tr><tr class="passedeven"><td><a href="#m5">dataCompleteness</a></td></tr><tr class="passedeven"><td><a href="#m6">dataCompleteness</a></td></tr><tr class="passedeven"><td><a href="#m7">dataCompleteness</a></td></tr><tr class="passedeven"><td><a href="#m8">dataCompleteness</a></td></tr><tr class="passedeven"><td><a href="#m9">dataCompleteness</a></td></tr><tr class="passedeven"><td><a href="#m10">dataCompleteness</a></td></tr><tr class="passedeven"><td><a href="#m11">dataCompleteness</a></td></tr><tr class="passedeven"><td><a href="#m12">dataCompleteness</a></td></tr><tr class="passedeven"><td><a href="#m13">dataCompleteness</a></td></tr><tr class="passedeven"><td><a href="#m14">dataCompleteness</a></td></tr><tr class="passedeven"><td><a href="#m15">dataCompleteness</a></td></tr><tr class="passedeven"><td><a href="#m16">dataCompleteness</a></td></tr><tr class="passedeven"><td><a href="#m17">dataCompleteness</a></td></tr><tr class="passedeven"><td><a href="#m18">dataCompleteness</a></td></tr><tr class="passedeven"><td><a href="#m19">dataCompleteness</a></td></tr><tr class="passedeven"><td><a href="#m20">dataCompleteness</a></td></tr><tr class="passedodd"><td rowspan="1">testCases.TableMetadataValidation</td><td><a href="#m21">tableMetadataValidation</a></td><td rowspan="1">1705042245356</td><td rowspan="1">5</td></tr></tbody>
</table>
<h2>Test</h2><h3 id="m0">testCases.DataCompletenessValidation#dataCompleteness</h3><table class="result"><tr class="param"><th>Parameter #1</th></tr><tr class="param stripe"><td>ITEMS_10L_Record_Validation</td></tr><tr><th>Exception</th></tr><tr><td><div class="stacktrace">java.lang.AssertionError: Test failed: java.lang.AssertionError: Test failed: ORA-00933: SQL command not properly ended

	at testCases.DataCompletenessValidation.dataCompleteness(DataCompletenessValidation.java:146)
	at java.base/java.util.ArrayList.forEach(ArrayList.java:1541)
Caused by: java.util.concurrent.ExecutionException: java.lang.AssertionError: Test failed: ORA-00933: SQL command not properly ended

	at java.base/java.util.concurrent.FutureTask.report(FutureTask.java:122)
	at java.base/java.util.concurrent.FutureTask.get(FutureTask.java:191)
	at testCases.DataCompletenessValidation.dataCompleteness(DataCompletenessValidation.java:138)
	... 32 more
Caused by: java.lang.AssertionError: Test failed: ORA-00933: SQL command not properly ended

	at databaseFunction.sqlFunction.executeQuery(sqlFunction.java:76)
	at testCases.DataCompletenessValidation.lambda$0(DataCompletenessValidation.java:79)
	at java.base/java.util.concurrent.FutureTask.run(FutureTask.java:264)
	at java.base/java.util.concurrent.ThreadPoolExecutor.runWorker(ThreadPoolExecutor.java:1128)
	at java.base/java.util.concurrent.ThreadPoolExecutor$Worker.run(ThreadPoolExecutor.java:628)
	at java.base/java.lang.Thread.run(Thread.java:834)
Caused by: java.sql.SQLSyntaxErrorException: ORA-00933: SQL command not properly ended

	at oracle.jdbc.driver.T4CTTIoer11.processError(T4CTTIoer11.java:702)
	at oracle.jdbc.driver.T4CTTIoer11.processError(T4CTTIoer11.java:608)
	at oracle.jdbc.driver.T4C8Oall.processError(T4C8Oall.java:1248)
	at oracle.jdbc.driver.T4CTTIfun.receive(T4CTTIfun.java:1041)
	at oracle.jdbc.driver.T4CTTIfun.doRPC(T4CTTIfun.java:443)
	at oracle.jdbc.driver.T4C8Oall.doOALL(T4C8Oall.java:518)
	at oracle.jdbc.driver.T4CStatement.doOall8(T4CStatement.java:156)
	at oracle.jdbc.driver.T4CStatement.executeForDescribe(T4CStatement.java:963)
	at oracle.jdbc.driver.OracleStatement.prepareDefineBufferAndExecute(OracleStatement.java:1205)
	at oracle.jdbc.driver.OracleStatement.executeMaybeDescribe(OracleStatement.java:1135)
	at oracle.jdbc.driver.OracleStatement.executeSQLSelect(OracleStatement.java:1472)
	at oracle.jdbc.driver.OracleStatement.doExecuteWithTimeout(OracleStatement.java:1343)
	at oracle.jdbc.driver.OracleStatement.executeQuery(OracleStatement.java:1727)
	at oracle.jdbc.driver.OracleStatementWrapper.executeQuery(OracleStatementWrapper.java:380)
	at databaseFunction.sqlFunction.executeQuery(sqlFunction.java:46)
	... 5 more
Caused by: Error : 933, Position : 42, SQL = select ItemId, ItemName  from items  orde by itemid
, Original SQL = select ItemId, ItemName  from items  orde by itemid
, Error Message = ORA-00933: SQL command not properly ended

	at oracle.jdbc.driver.T4CTTIoer11.processError(T4CTTIoer11.java:710)
	... 19 more
... Removed 31 stack frames</div></td></tr></table><p class="totop"><a href="#summary">back to summary</a></p>
<h3 id="m1">testCases.DataCompletenessValidation#dataCompleteness</h3><table class="result"><tr class="param"><th>Parameter #1</th></tr><tr class="param stripe"><td>T_EMP_DataCompletenessValidation</td></tr><tr><th>Exception</th></tr><tr><td><div class="stacktrace">java.lang.AssertionError: Test failed: java.lang.AssertionError: Details of Differences:
Row 1:
   Column 2: List1 = EMP_NAME: Sunil, List2 = EMP_NAME: Smith
 expected [true] but found [false]
	at testCases.DataCompletenessValidation.dataCompleteness(DataCompletenessValidation.java:146)
	at java.base/java.util.ArrayList.forEach(ArrayList.java:1541)
Caused by: java.util.concurrent.ExecutionException: java.lang.AssertionError: Details of Differences:
Row 1:
   Column 2: List1 = EMP_NAME: Sunil, List2 = EMP_NAME: Smith
 expected [true] but found [false]
	at java.base/java.util.concurrent.FutureTask.report(FutureTask.java:122)
	at java.base/java.util.concurrent.FutureTask.get(FutureTask.java:191)
	at testCases.DataCompletenessValidation.dataCompleteness(DataCompletenessValidation.java:138)
	... 31 more
Caused by: java.lang.AssertionError: Details of Differences:
Row 1:
   Column 2: List1 = EMP_NAME: Sunil, List2 = EMP_NAME: Smith
 expected [true] but found [false]
	at testCases.DataCompletenessValidation.lambda$0(DataCompletenessValidation.java:126)
	at java.base/java.util.concurrent.FutureTask.run(FutureTask.java:264)
	at java.base/java.util.concurrent.ThreadPoolExecutor.runWorker(ThreadPoolExecutor.java:1128)
	at java.base/java.util.concurrent.ThreadPoolExecutor$Worker.run(ThreadPoolExecutor.java:628)
	at java.base/java.lang.Thread.run(Thread.java:834)
... Removed 33 stack frames</div></td></tr></table><p class="totop"><a href="#summary">back to summary</a></p>
<h3 id="m2">testCases.TableMetadataValidation#tableMetadataValidation</h3><table class="result"><tr class="param"><th>Parameter #1</th></tr><tr class="param stripe"><td>T_EMP</td></tr><tr><th>Exception</th></tr><tr><td><div class="stacktrace">java.lang.AssertionError: Test failed: [{COLUMN_NAME=EMP_ID345, TARGET_COLUMN_NAME=EMP_ID}, {COLUMN_NAME=T_EMP_ID1212, TARGET_COLUMN_NAME=T_EMP_ID}] expected [true] but found [false]
	at testCases.TableMetadataValidation.tableMetadataValidation(TableMetadataValidation.java:62)
	at java.base/java.util.ArrayList.forEach(ArrayList.java:1541)
Caused by: java.lang.AssertionError: [{COLUMN_NAME=EMP_ID345, TARGET_COLUMN_NAME=EMP_ID}, {COLUMN_NAME=T_EMP_ID1212, TARGET_COLUMN_NAME=T_EMP_ID}] expected [true] but found [false]
	at testCases.TableMetadataValidation.tableMetadataValidation(TableMetadataValidation.java:58)
	... 32 more
... Removed 34 stack frames</div></td></tr></table><p class="totop"><a href="#summary">back to summary</a></p>
<h3 id="m3">testCases.DataCompletenessValidation#dataCompleteness</h3><table class="result"><tr class="param"><th>Parameter #1</th></tr><tr class="param stripe"><td>T_EMP_PrimaryKey_Validation</td></tr></table><p class="totop"><a href="#summary">back to summary</a></p>
<h3 id="m4">testCases.DataCompletenessValidation#dataCompleteness</h3><table class="result"><tr class="param"><th>Parameter #1</th></tr><tr class="param stripe"><td>STUDENT_SMALL_db_to_file_validation</td></tr></table><p class="totop"><a href="#summary">back to summary</a></p>
<h3 id="m5">testCases.DataCompletenessValidation#dataCompleteness</h3><table class="result"><tr class="param"><th>Parameter #1</th></tr><tr class="param stripe"><td>STUDENT_CountValidation</td></tr></table><p class="totop"><a href="#summary">back to summary</a></p>
<h3 id="m6">testCases.DataCompletenessValidation#dataCompleteness</h3><table class="result"><tr class="param"><th>Parameter #1</th></tr><tr class="param stripe"><td>STUDENT_SMALL_XMLfile_to_XMLfile_validation</td></tr></table><p class="totop"><a href="#summary">back to summary</a></p>
<h3 id="m7">testCases.DataCompletenessValidation#dataCompleteness</h3><table class="result"><tr class="param"><th>Parameter #1</th></tr><tr class="param stripe"><td>STUDENT_SMALL_JSONfile_to_db_validation</td></tr></table><p class="totop"><a href="#summary">back to summary</a></p>
<h3 id="m8">testCases.DataCompletenessValidation#dataCompleteness</h3><table class="result"><tr class="param"><th>Parameter #1</th></tr><tr class="param stripe"><td>ITEMS_CountValidation</td></tr></table><p class="totop"><a href="#summary">back to summary</a></p>
<h3 id="m9">testCases.DataCompletenessValidation#dataCompleteness</h3><table class="result"><tr class="param"><th>Parameter #1</th></tr><tr class="param stripe"><td>STUDENT_SMALL_file_to_db_validation</td></tr></table><p class="totop"><a href="#summary">back to summary</a></p>
<h3 id="m10">testCases.DataCompletenessValidation#dataCompleteness</h3><table class="result"><tr class="param"><th>Parameter #1</th></tr><tr class="param stripe"><td>T_DEPT_DataCompletenessValidation</td></tr></table><p class="totop"><a href="#summary">back to summary</a></p>
<h3 id="m11">testCases.DataCompletenessValidation#dataCompleteness</h3><table class="result"><tr class="param"><th>Parameter #1</th></tr><tr class="param stripe"><td>STUDENT_SMALL_JSONfile_to_JSONfile_validation</td></tr></table><p class="totop"><a href="#summary">back to summary</a></p>
<h3 id="m12">testCases.DataCompletenessValidation#dataCompleteness</h3><table class="result"><tr class="param"><th>Parameter #1</th></tr><tr class="param stripe"><td>STUDENT_SMALL_db_to_JSONfile_validation</td></tr></table><p class="totop"><a href="#summary">back to summary</a></p>
<h3 id="m13">testCases.DataCompletenessValidation#dataCompleteness</h3><table class="result"><tr class="param"><th>Parameter #1</th></tr><tr class="param stripe"><td>T_DEPT_CountValidation</td></tr></table><p class="totop"><a href="#summary">back to summary</a></p>
<h3 id="m14">testCases.DataCompletenessValidation#dataCompleteness</h3><table class="result"><tr class="param"><th>Parameter #1</th></tr><tr class="param stripe"><td>STUDENT_SMALL_XMLfile_to_db_validation</td></tr></table><p class="totop"><a href="#summary">back to summary</a></p>
<h3 id="m15">testCases.DataCompletenessValidation#dataCompleteness</h3><table class="result"><tr class="param"><th>Parameter #1</th></tr><tr class="param stripe"><td>STUDENT_SMALL_db_to_XMLfile_validation</td></tr></table><p class="totop"><a href="#summary">back to summary</a></p>
<h3 id="m16">testCases.DataCompletenessValidation#dataCompleteness</h3><table class="result"><tr class="param"><th>Parameter #1</th></tr><tr class="param stripe"><td>T_EMP_SurrogateKey_Validation</td></tr></table><p class="totop"><a href="#summary">back to summary</a></p>
<h3 id="m17">testCases.DataCompletenessValidation#dataCompleteness</h3><table class="result"><tr class="param"><th>Parameter #1</th></tr><tr class="param stripe"><td>STUDENT_5L_Record_Validation</td></tr></table><p class="totop"><a href="#summary">back to summary</a></p>
<h3 id="m18">testCases.DataCompletenessValidation#dataCompleteness</h3><table class="result"><tr class="param"><th>Parameter #1</th></tr><tr class="param stripe"><td>T_EMP_DuplicateValidation</td></tr></table><p class="totop"><a href="#summary">back to summary</a></p>
<h3 id="m19">testCases.DataCompletenessValidation#dataCompleteness</h3><table class="result"><tr class="param"><th>Parameter #1</th></tr><tr class="param stripe"><td>STUDENT_SMALL_file_to_file_validation</td></tr></table><p class="totop"><a href="#summary">back to summary</a></p>
<h3 id="m20">testCases.DataCompletenessValidation#dataCompleteness</h3><table class="result"><tr class="param"><th>Parameter #1</th></tr><tr class="param stripe"><td>T_EMP_CountValidation</td></tr></table><p class="totop"><a href="#summary">back to summary</a></p>
<h3 id="m21">testCases.TableMetadataValidation#tableMetadataValidation</h3><table class="result"><tr class="param"><th>Parameter #1</th></tr><tr class="param stripe"><td>T_DEPT</td></tr></table><p class="totop"><a href="#summary">back to summary</a></p>
</body>
</html>
