<?xml version="1.0" encoding="UTF-8"?>
<testng-results ignored="0" total="5" passed="4" failed="1" skipped="0">
  <reporter-output>
  </reporter-output>
  <suite started-at="2023-11-03T18:54:15 IST" name="Suite" finished-at="2023-11-03T18:54:16 IST" duration-ms="1095">
    <groups>
    </groups>
    <test started-at="2023-11-03T18:54:15 IST" name="Test" finished-at="2023-11-03T18:54:16 IST" duration-ms="1095">
      <class name="testCases.DataCompletenessValidation">
        <test-method is-config="true" signature="setUp()[pri:0, instance:testCases.DataCompletenessValidation@7c24b813]" started-at="2023-11-03T18:54:15 IST" name="setUp" finished-at="2023-11-03T18:54:15 IST" duration-ms="378" status="PASS">
          <reporter-output>
          </reporter-output>
        </test-method> <!-- setUp -->
        <test-method signature="testListsEquality(java.lang.String)[pri:0, instance:testCases.DataCompletenessValidation@7c24b813]" started-at="2023-11-03T18:54:15 IST" name="testListsEquality" data-provider="getFolderPath" finished-at="2023-11-03T18:54:15 IST" duration-ms="106" status="PASS">
          <params>
            <param index="0">
              <value>
                <![CDATA[Validate_Count]]>
              </value>
            </param>
          </params>
          <reporter-output>
          </reporter-output>
        </test-method> <!-- testListsEquality -->
        <test-method is-config="true" signature="tearDown()[pri:0, instance:testCases.DataCompletenessValidation@7c24b813]" started-at="2023-11-03T18:54:15 IST" name="tearDown" finished-at="2023-11-03T18:54:15 IST" duration-ms="2" status="PASS">
          <reporter-output>
          </reporter-output>
        </test-method> <!-- tearDown -->
        <test-method is-config="true" signature="setUp()[pri:0, instance:testCases.DataCompletenessValidation@7c24b813]" started-at="2023-11-03T18:54:15 IST" name="setUp" finished-at="2023-11-03T18:54:16 IST" duration-ms="31" status="PASS">
          <reporter-output>
          </reporter-output>
        </test-method> <!-- setUp -->
        <test-method signature="testListsEquality(java.lang.String)[pri:0, instance:testCases.DataCompletenessValidation@7c24b813]" started-at="2023-11-03T18:54:16 IST" name="testListsEquality" data-provider="getFolderPath" finished-at="2023-11-03T18:54:16 IST" duration-ms="4" status="PASS">
          <params>
            <param index="0">
              <value>
                <![CDATA[Validate_Data]]>
              </value>
            </param>
          </params>
          <reporter-output>
          </reporter-output>
        </test-method> <!-- testListsEquality -->
        <test-method is-config="true" signature="tearDown()[pri:0, instance:testCases.DataCompletenessValidation@7c24b813]" started-at="2023-11-03T18:54:16 IST" name="tearDown" finished-at="2023-11-03T18:54:16 IST" duration-ms="1" status="PASS">
          <reporter-output>
          </reporter-output>
        </test-method> <!-- tearDown -->
        <test-method is-config="true" signature="setUp()[pri:0, instance:testCases.DataCompletenessValidation@7c24b813]" started-at="2023-11-03T18:54:16 IST" name="setUp" finished-at="2023-11-03T18:54:16 IST" duration-ms="25" status="PASS">
          <reporter-output>
          </reporter-output>
        </test-method> <!-- setUp -->
        <test-method signature="testListsEquality(java.lang.String)[pri:0, instance:testCases.DataCompletenessValidation@7c24b813]" started-at="2023-11-03T18:54:16 IST" name="testListsEquality" data-provider="getFolderPath" finished-at="2023-11-03T18:54:16 IST" duration-ms="68" status="PASS">
          <params>
            <param index="0">
              <value>
                <![CDATA[Validate_Duplicate]]>
              </value>
            </param>
          </params>
          <reporter-output>
          </reporter-output>
        </test-method> <!-- testListsEquality -->
        <test-method is-config="true" signature="tearDown()[pri:0, instance:testCases.DataCompletenessValidation@7c24b813]" started-at="2023-11-03T18:54:16 IST" name="tearDown" finished-at="2023-11-03T18:54:16 IST" duration-ms="1" status="PASS">
          <reporter-output>
          </reporter-output>
        </test-method> <!-- tearDown -->
        <test-method is-config="true" signature="setUp()[pri:0, instance:testCases.DataCompletenessValidation@7c24b813]" started-at="2023-11-03T18:54:16 IST" name="setUp" finished-at="2023-11-03T18:54:16 IST" duration-ms="23" status="PASS">
          <reporter-output>
          </reporter-output>
        </test-method> <!-- setUp -->
        <test-method signature="testListsEquality(java.lang.String)[pri:0, instance:testCases.DataCompletenessValidation@7c24b813]" started-at="2023-11-03T18:54:16 IST" name="testListsEquality" data-provider="getFolderPath" finished-at="2023-11-03T18:54:16 IST" duration-ms="4" status="PASS">
          <params>
            <param index="0">
              <value>
                <![CDATA[Validate_Metadata]]>
              </value>
            </param>
          </params>
          <reporter-output>
          </reporter-output>
        </test-method> <!-- testListsEquality -->
        <test-method is-config="true" signature="tearDown()[pri:0, instance:testCases.DataCompletenessValidation@7c24b813]" started-at="2023-11-03T18:54:16 IST" name="tearDown" finished-at="2023-11-03T18:54:16 IST" duration-ms="1" status="PASS">
          <reporter-output>
          </reporter-output>
        </test-method> <!-- tearDown -->
      </class> <!-- testCases.DataCompletenessValidation -->
      <class name="testCases.MetadataValidation">
        <test-method is-config="true" signature="setUp()[pri:0, instance:testCases.MetadataValidation@2dc54ad4]" started-at="2023-11-03T18:54:16 IST" name="setUp" finished-at="2023-11-03T18:54:16 IST" duration-ms="24" status="PASS">
          <reporter-output>
          </reporter-output>
        </test-method> <!-- setUp -->
        <test-method signature="testMetadataComparison()[pri:0, instance:testCases.MetadataValidation@2dc54ad4]" started-at="2023-11-03T18:54:16 IST" name="testMetadataComparison" finished-at="2023-11-03T18:54:16 IST" duration-ms="336" status="FAIL">
          <exception class="java.lang.AssertionError">
            <message>
              <![CDATA[Mismatch in column: HIREDATE
Source: ColumnMetadata{columnName='HIREDATE', dataType='DATE2', dataLength=0}
Target: ColumnMetadata{columnName='HIREDATE', dataType='DATE', dataLength=7}]]>
            </message>
            <full-stacktrace>
              <![CDATA[java.lang.AssertionError: Mismatch in column: HIREDATE
Source: ColumnMetadata{columnName='HIREDATE', dataType='DATE2', dataLength=0}
Target: ColumnMetadata{columnName='HIREDATE', dataType='DATE', dataLength=7}
at org.testng.Assert.fail(Assert.java:99)
at testCases.MetadataValidation.isEqual(MetadataValidation.java:177)
at testCases.MetadataValidation.compareMetadata(MetadataValidation.java:158)
at testCases.MetadataValidation.testMetadataComparison(MetadataValidation.java:37)
at java.base/jdk.internal.reflect.NativeMethodAccessorImpl.invoke0(Native Method)
at java.base/jdk.internal.reflect.NativeMethodAccessorImpl.invoke(NativeMethodAccessorImpl.java:62)
at java.base/jdk.internal.reflect.DelegatingMethodAccessorImpl.invoke(DelegatingMethodAccessorImpl.java:43)
at java.base/java.lang.reflect.Method.invoke(Method.java:566)
at org.testng.internal.MethodInvocationHelper.invokeMethod(MethodInvocationHelper.java:133)
at org.testng.internal.TestInvoker.invokeMethod(TestInvoker.java:598)
at org.testng.internal.TestInvoker.invokeTestMethod(TestInvoker.java:173)
at org.testng.internal.MethodRunner.runInSequence(MethodRunner.java:46)
at org.testng.internal.TestInvoker$MethodInvocationAgent.invoke(TestInvoker.java:824)
at org.testng.internal.TestInvoker.invokeTestMethods(TestInvoker.java:146)
at org.testng.internal.TestMethodWorker.invokeTestMethods(TestMethodWorker.java:146)
at org.testng.internal.TestMethodWorker.run(TestMethodWorker.java:128)
at java.base/java.util.ArrayList.forEach(ArrayList.java:1541)
at org.testng.TestRunner.privateRun(TestRunner.java:794)
at org.testng.TestRunner.run(TestRunner.java:596)
at org.testng.SuiteRunner.runTest(SuiteRunner.java:377)
at org.testng.SuiteRunner.runSequentially(SuiteRunner.java:371)
at org.testng.SuiteRunner.privateRun(SuiteRunner.java:332)
at org.testng.SuiteRunner.run(SuiteRunner.java:276)
at org.testng.SuiteRunnerWorker.runSuite(SuiteRunnerWorker.java:53)
at org.testng.SuiteRunnerWorker.run(SuiteRunnerWorker.java:96)
at org.testng.TestNG.runSuitesSequentially(TestNG.java:1212)
at org.testng.TestNG.runSuitesLocally(TestNG.java:1134)
at org.testng.TestNG.runSuites(TestNG.java:1063)
at org.testng.TestNG.run(TestNG.java:1031)
at org.testng.remote.AbstractRemoteTestNG.run(AbstractRemoteTestNG.java:115)
at org.testng.remote.RemoteTestNG.initAndRun(RemoteTestNG.java:251)
at org.testng.remote.RemoteTestNG.main(RemoteTestNG.java:77)
]]>
            </full-stacktrace>
          </exception> <!-- java.lang.AssertionError -->
          <reporter-output>
          </reporter-output>
        </test-method> <!-- testMetadataComparison -->
        <test-method is-config="true" signature="tearDown()[pri:0, instance:testCases.MetadataValidation@2dc54ad4]" started-at="2023-11-03T18:54:16 IST" name="tearDown" finished-at="2023-11-03T18:54:16 IST" duration-ms="47" status="PASS">
          <reporter-output>
          </reporter-output>
        </test-method> <!-- tearDown -->
      </class> <!-- testCases.MetadataValidation -->
    </test> <!-- Test -->
  </suite> <!-- Suite -->
</testng-results>
